2025-03-04 16:38:35,826 - server-runner - INFO - Запуск сервера
2025-03-04 16:38:37,967 - server-runner - INFO - Открытие браузера по адресу: http://localhost:8000
2025-03-04 16:42:25,118 - main - INFO - Получен запрос на сравнение файлов: differences_file1.xlsx и differences_file2.xlsx
2025-03-04 16:42:25,118 - main - INFO - Размер файла 1: 4.79 KB, Размер файла 2: 4.83 KB
2025-03-04 16:42:25,119 - main - INFO - Начало сравнения файлов
2025-03-04 16:42:25,306 - main - INFO - Файлы загружены. Размер DF1: 8, Размер DF2: 10
2025-03-04 16:42:25,307 - main - INFO - Данные очищены. Валидных QR в DF1: 8, в DF2: 10
2025-03-04 16:42:25,307 - main - INFO - Сравнение QR-кодов
2025-03-04 16:42:25,307 - main - INFO - Файл результатов создан: static/filtered_differences.txt
2025-03-04 16:42:25,307 - main - INFO - Общее время выполнения: 0.19 секунд
2025-03-04 16:48:43,120 - main - INFO - Получен запрос на сравнение файлов: differences_file1.xlsx и differences_file2.xlsx
2025-03-04 16:48:43,121 - main - INFO - Размер файла 1: 4.79 KB, Размер файла 2: 4.83 KB
2025-03-04 16:48:43,121 - main - INFO - Начало сравнения файлов
2025-03-04 16:48:43,144 - main - INFO - Файлы загружены. Размер DF1: 8, Размер DF2: 10
2025-03-04 16:48:43,145 - main - INFO - Данные очищены. Валидных QR в DF1: 8, в DF2: 10
2025-03-04 16:48:43,145 - main - INFO - Сравнение QR-кодов
2025-03-04 16:48:43,145 - main - INFO - Файл результатов создан: static/filtered_differences.txt
2025-03-04 16:48:43,145 - main - INFO - Общее время выполнения: 0.02 секунд
2025-03-04 16:48:56,810 - main - INFO - Получен запрос на сравнение файлов: differences_file1.xlsx и 34.xlsx
2025-03-04 16:48:56,810 - main - INFO - Размер файла 1: 4.79 KB, Размер файла 2: 4.79 KB
2025-03-04 16:48:56,810 - main - INFO - Начало сравнения файлов
2025-03-04 16:48:56,832 - main - INFO - Файлы загружены. Размер DF1: 8, Размер DF2: 9
2025-03-04 16:48:56,834 - main - INFO - Данные очищены. Валидных QR в DF1: 8, в DF2: 9
2025-03-04 16:48:56,834 - main - INFO - Сравнение QR-кодов
2025-03-04 16:48:56,835 - main - INFO - Файл результатов создан: static/filtered_differences.txt
2025-03-04 16:48:56,835 - main - INFO - Общее время выполнения: 0.02 секунд
2025-03-04 16:48:59,549 - main - INFO - Получен запрос на сравнение файлов: differences_file1.xlsx и 34.xlsx
2025-03-04 16:48:59,550 - main - INFO - Размер файла 1: 4.79 KB, Размер файла 2: 4.79 KB
2025-03-04 16:48:59,550 - main - INFO - Начало сравнения файлов
2025-03-04 16:48:59,570 - main - INFO - Файлы загружены. Размер DF1: 8, Размер DF2: 9
2025-03-04 16:48:59,571 - main - INFO - Данные очищены. Валидных QR в DF1: 8, в DF2: 9
2025-03-04 16:48:59,571 - main - INFO - Сравнение QR-кодов
2025-03-04 16:48:59,572 - main - INFO - Файл результатов создан: static/filtered_differences.txt
2025-03-04 16:48:59,572 - main - INFO - Общее время выполнения: 0.02 секунд
2025-03-04 16:49:00,218 - main - INFO - Получен запрос на сравнение файлов: differences_file1.xlsx и 34.xlsx
2025-03-04 16:49:00,219 - main - INFO - Размер файла 1: 4.79 KB, Размер файла 2: 4.79 KB
2025-03-04 16:49:00,219 - main - INFO - Начало сравнения файлов
2025-03-04 16:49:00,241 - main - INFO - Файлы загружены. Размер DF1: 8, Размер DF2: 9
2025-03-04 16:49:00,243 - main - INFO - Данные очищены. Валидных QR в DF1: 8, в DF2: 9
2025-03-04 16:49:00,243 - main - INFO - Сравнение QR-кодов
2025-03-04 16:49:00,243 - main - INFO - Файл результатов создан: static/filtered_differences.txt
2025-03-04 16:49:00,243 - main - INFO - Общее время выполнения: 0.02 секунд
2025-03-04 16:49:00,802 - main - INFO - Получен запрос на сравнение файлов: differences_file1.xlsx и 34.xlsx
2025-03-04 16:49:00,803 - main - INFO - Размер файла 1: 4.79 KB, Размер файла 2: 4.79 KB
2025-03-04 16:49:00,803 - main - INFO - Начало сравнения файлов
2025-03-04 16:49:00,822 - main - INFO - Файлы загружены. Размер DF1: 8, Размер DF2: 9
2025-03-04 16:49:00,824 - main - INFO - Данные очищены. Валидных QR в DF1: 8, в DF2: 9
2025-03-04 16:49:00,825 - main - INFO - Сравнение QR-кодов
2025-03-04 16:49:00,825 - main - INFO - Файл результатов создан: static/filtered_differences.txt
2025-03-04 16:49:00,825 - main - INFO - Общее время выполнения: 0.02 секунд
2025-03-04 16:49:01,487 - main - INFO - Получен запрос на сравнение файлов: differences_file1.xlsx и 34.xlsx
2025-03-04 16:49:01,488 - main - INFO - Размер файла 1: 4.79 KB, Размер файла 2: 4.79 KB
2025-03-04 16:49:01,488 - main - INFO - Начало сравнения файлов
2025-03-04 16:49:01,510 - main - INFO - Файлы загружены. Размер DF1: 8, Размер DF2: 9
2025-03-04 16:49:01,511 - main - INFO - Данные очищены. Валидных QR в DF1: 8, в DF2: 9
2025-03-04 16:49:01,512 - main - INFO - Сравнение QR-кодов
2025-03-04 16:49:01,512 - main - INFO - Файл результатов создан: static/filtered_differences.txt
2025-03-04 16:49:01,512 - main - INFO - Общее время выполнения: 0.02 секунд
2025-03-04 16:49:24,409 - main - INFO - Получен запрос на сравнение файлов: 34.xlsx и differences_file1.xlsx
2025-03-04 16:49:24,410 - main - INFO - Размер файла 1: 4.79 KB, Размер файла 2: 4.79 KB
2025-03-04 16:49:24,410 - main - INFO - Начало сравнения файлов
2025-03-04 16:49:24,429 - main - INFO - Файлы загружены. Размер DF1: 8, Размер DF2: 9
2025-03-04 16:49:24,431 - main - INFO - Данные очищены. Валидных QR в DF1: 8, в DF2: 9
2025-03-04 16:49:24,432 - main - INFO - Сравнение QR-кодов
2025-03-04 16:49:24,433 - main - INFO - Файл результатов создан: static/filtered_differences.txt
2025-03-04 16:49:24,433 - main - INFO - Общее время выполнения: 0.02 секунд
2025-03-04 16:50:22,451 - main - INFO - Получен запрос на сравнение файлов: differences_file1.xlsx и differences_file2.xlsx
2025-03-04 16:50:22,452 - main - INFO - Размер файла 1: 4.79 KB, Размер файла 2: 4.83 KB
2025-03-04 16:50:22,452 - main - INFO - Начало сравнения файлов
2025-03-04 16:50:22,479 - main - INFO - Файлы загружены. Размер DF1: 8, Размер DF2: 10
2025-03-04 16:50:22,480 - main - INFO - Данные очищены. Валидных QR в DF1: 8, в DF2: 10
2025-03-04 16:50:22,481 - main - INFO - Сравнение QR-кодов
2025-03-04 16:50:22,482 - main - INFO - Файл результатов создан: static/filtered_differences.txt
2025-03-04 16:50:22,482 - main - INFO - Общее время выполнения: 0.03 секунд
2025-03-04 17:20:42,396 - server-runner - INFO - Запуск сервера
2025-03-04 17:20:44,401 - server-runner - INFO - Открытие браузера по адресу: http://localhost:8000
2025-03-04 17:21:00,704 - main - INFO - Получен запрос на сравнение файлов: scanned_qr_normal.xlsx и scanned_qr_normal.xlsx
2025-03-04 17:21:00,707 - main - INFO - Размер файла 1: 8.16 KB, Размер файла 2: 8.16 KB
2025-03-04 17:21:00,707 - main - INFO - Начало сравнения файлов
2025-03-04 17:21:00,826 - main - INFO - Файлы загружены. Размер DF1: 199, Размер DF2: 200
2025-03-04 17:21:00,828 - main - INFO - Данные очищены. Валидных QR в DF1: 199, в DF2: 200
2025-03-04 17:21:00,828 - main - INFO - Сравнение QR-кодов
2025-03-04 17:21:00,828 - main - INFO - Файл результатов создан: static/filtered_differences.txt
2025-03-04 17:21:00,828 - main - INFO - Общее время выполнения: 0.12 секунд
2025-03-04 17:22:14,115 - main - INFO - Получен запрос на сравнение файлов: differences_file1.xlsx и differences_file2.xlsx
2025-03-04 17:22:14,116 - main - INFO - Размер файла 1: 4.79 KB, Размер файла 2: 4.83 KB
2025-03-04 17:22:14,116 - main - INFO - Начало сравнения файлов
2025-03-04 17:22:14,134 - main - INFO - Файлы загружены. Размер DF1: 8, Размер DF2: 10
2025-03-04 17:22:14,137 - main - INFO - Данные очищены. Валидных QR в DF1: 8, в DF2: 10
2025-03-04 17:22:14,138 - main - INFO - Сравнение QR-кодов
2025-03-04 17:22:14,138 - main - INFO - Файл результатов создан: static/filtered_differences.txt
2025-03-04 17:22:14,139 - main - INFO - Общее время выполнения: 0.02 секунд
2025-03-05 21:41:01,140 - server-runner - INFO - Запуск сервера
2025-03-05 21:41:03,146 - server-runner - INFO - Открытие браузера по адресу: http://localhost:8000
2025-03-05 23:21:29,904 - server-runner - INFO - Запуск сервера
2025-03-05 23:21:31,910 - server-runner - INFO - Открытие браузера по адресу: http://localhost:8000
2025-03-05 23:22:12,281 - main - INFO - Получен запрос на сравнение файлов: ф1.xlsx и ф2.xlsx
2025-03-05 23:22:12,282 - main - INFO - Размер файла 1: 16.08 KB, Размер файла 2: 21.24 KB
2025-03-05 23:22:12,282 - main - INFO - Начало сравнения файлов
2025-03-05 23:22:12,405 - main - INFO - Файлы загружены. Размер DF1: 236, Размер DF2: 240
2025-03-05 23:22:12,408 - main - INFO - Данные очищены. Валидных QR в DF1: 0, в DF2: 0
2025-03-05 23:22:12,408 - main - INFO - Сравнение QR-кодов
2025-03-05 23:22:12,408 - main - INFO - Различий не найдено
2025-03-05 23:22:12,408 - main - INFO - Общее время выполнения: 0.13 секунд
2025-03-05 23:33:16,554 - main - INFO - Получен запрос на сравнение файлов: Приход.xlsx и Факти-ое.xlsx
2025-03-05 23:33:16,556 - main - INFO - Размер файла 1: 9.17 KB, Размер файла 2: 8.88 KB
2025-03-05 23:33:16,556 - main - INFO - Начало сравнения файлов
2025-03-05 23:33:16,578 - main - INFO - Файлы загружены. Размер DF1: 9, Размер DF2: 10
2025-03-05 23:33:16,581 - main - INFO - Данные очищены. Валидных QR в DF1: 9, в DF2: 10
2025-03-05 23:33:16,581 - main - INFO - Сравнение QR-кодов
2025-03-05 23:33:16,582 - main - INFO - Файл результатов создан: static/filtered_differences.txt
2025-03-05 23:33:16,582 - main - INFO - Общее время выполнения: 0.03 секунд
2025-03-06 14:16:45,417 - server-runner - INFO - Запуск сервера
2025-03-06 14:16:47,422 - server-runner - INFO - Открытие браузера по адресу: http://localhost:8000
2025-03-06 14:17:47,824 - main - INFO - Получен запрос на сравнение файлов: дазел1.xlsx и дазел1.xlsx
2025-03-06 14:17:47,825 - main - INFO - Размер файла 1: 9.73 KB, Размер файла 2: 9.73 KB
2025-03-06 14:17:47,825 - main - INFO - Начало сравнения файлов
2025-03-06 14:17:48,088 - main - INFO - Файлы загружены. Размер DF1: 28, Размер DF2: 29
2025-03-06 14:17:48,091 - main - INFO - Данные очищены. Валидных QR в DF1: 0, в DF2: 0
2025-03-06 14:17:48,092 - main - INFO - Сравнение QR-кодов
2025-03-06 14:17:48,092 - main - INFO - Различий не найдено
2025-03-06 14:17:48,092 - main - INFO - Общее время выполнения: 0.27 секунд
2025-03-06 14:18:43,546 - main - INFO - Получен запрос на сравнение файлов: дазел1.xlsx и дазел1 — копия.xlsx
2025-03-06 14:18:43,547 - main - INFO - Размер файла 1: 9.73 KB, Размер файла 2: 8.97 KB
2025-03-06 14:18:43,548 - main - INFO - Начало сравнения файлов
2025-03-06 14:18:43,576 - main - INFO - Файлы загружены. Размер DF1: 28, Размер DF2: 20
2025-03-06 14:18:43,577 - main - INFO - Данные очищены. Валидных QR в DF1: 0, в DF2: 20
2025-03-06 14:18:43,577 - main - INFO - Сравнение QR-кодов
2025-03-06 14:18:43,578 - main - INFO - Файл результатов создан: static/filtered_differences.txt
2025-03-06 14:18:43,578 - main - INFO - Общее время выполнения: 0.03 секунд
2025-03-06 14:20:27,486 - main - INFO - Получен запрос на сравнение файлов: дазел1.xlsx и дазел1 — копия.xlsx
2025-03-06 14:20:27,486 - main - INFO - Размер файла 1: 9.73 KB, Размер файла 2: 8.97 KB
2025-03-06 14:20:27,486 - main - INFO - Начало сравнения файлов
2025-03-06 14:20:27,506 - main - INFO - Файлы загружены. Размер DF1: 28, Размер DF2: 20
2025-03-06 14:20:27,507 - main - INFO - Данные очищены. Валидных QR в DF1: 0, в DF2: 20
2025-03-06 14:20:27,508 - main - INFO - Сравнение QR-кодов
2025-03-06 14:20:27,509 - main - INFO - Файл результатов создан: static/filtered_differences.txt
2025-03-06 14:20:27,509 - main - INFO - Общее время выполнения: 0.02 секунд
2025-03-06 21:16:18,351 - server-runner - INFO - Запуск сервера
2025-03-06 21:16:20,356 - server-runner - INFO - Открытие браузера по адресу: http://localhost:8000
2025-03-06 21:18:02,596 - main - INFO - Получен запрос на сравнение файлов: дазел1.xlsx и дазел1 — копия.xlsx
2025-03-06 21:18:02,597 - main - INFO - Файлы успешно загружены. Размер файла 1: 9.7 КБ, файла 2: 9.0 КБ
2025-03-06 21:18:02,597 - main - INFO - Начинаем сравнение файлов
2025-03-06 21:18:02,720 - main - INFO - Первый файл успешно прочитан. Колонки: ['Серийный номер', 'QR-код']
2025-03-06 21:18:02,723 - main - INFO - Второй файл успешно прочитан. Размер: (20, 1)
2025-03-06 21:18:02,723 - main - INFO - Используем колонку Серийный номер в качестве QR-колонки в первом файле
2025-03-06 21:18:02,723 - main - INFO - Колонка 'Серия' найдена: False
2025-03-06 21:18:02,724 - main - INFO - Валидных QR в первом файле: 0 из 28
2025-03-06 21:18:02,724 - main - INFO - Валидных QR во втором файле: 20 из 20
2025-03-06 21:18:02,724 - main - INFO - Количество товаров в файлах различается: В файле 1: 0 | В файле 2: 20
2025-03-06 21:18:02,724 - main - INFO - Создан файл с результатами: static/filtered_differences.txt
2025-03-07 09:07:56,231 - server-runner - INFO - Запуск сервера
2025-03-07 09:07:58,235 - server-runner - INFO - Открытие браузера по адресу: http://localhost:8000
2025-03-07 09:08:12,662 - main - INFO - Получен запрос на сравнение файлов: дазел1.xlsx и дазел1 — копия.xlsx
2025-03-07 09:08:12,664 - main - INFO - Файлы успешно загружены. Размер файла 1: 9.7 КБ, файла 2: 9.0 КБ
2025-03-07 09:08:12,664 - main - INFO - Начинаем сравнение файлов
2025-03-07 09:08:12,784 - main - INFO - Первый файл успешно прочитан. Размер: (28, 2), Колонки: ['Серийный номер', 'QR-код']
2025-03-07 09:08:12,785 - main - INFO - Пример данных из первого файла:
   Серийный номер                                               QR-код
0  PDT7X2H7LCZWIW  010890111187221521PDT7X2H7LCZWIW1726123110PA08254\n
1  PDTOV8NHGUTKFG  010890111187221521PDTOV8NHGUTKFG1726123110PA08254\n
2  PDT7FKJ0EXJVR7  010890111187221521PDT7FKJ0EXJVR71726123110PA08254\n
3  PDTLE8WUK9NF5J  010890111187221521PDTLE8WUK9NF5J1726123110PA08254\n
4  PDT03FU0GA1CKV  010890111187221521PDT03FU0GA1CKV1726123110PA08254\n
2025-03-07 09:08:12,787 - main - INFO - Второй файл успешно прочитан. Размер: (20, 1)
2025-03-07 09:08:12,788 - main - INFO - Пример данных из второго файла:
                                                0
0  0104601026303838210000000001284172604011070524
1  0104601026303838210000000001279172604011070524
2  0104601026303838210000000001295172604011070524
3  0104601026303838210000000001288172604011070524
4  0104601026303838210000000001285172604011070524
2025-03-07 09:08:12,788 - main - INFO - Найдена колонка QR по имени: QR-код
2025-03-07 09:08:12,788 - main - INFO - Определены колонки в первом файле: QR=QR-код, Серия=None
2025-03-07 09:08:12,788 - main - INFO - Найдена колонка QR по содержимому: 0 (20 QR-кодов)
2025-03-07 09:08:12,788 - main - INFO - Определена колонка QR во втором файле: 0
2025-03-07 09:08:12,789 - main - INFO - Валидных QR в первом файле: 28 из 28
2025-03-07 09:08:12,789 - main - INFO - Валидных QR во втором файле: 20 из 20
2025-03-07 09:08:12,790 - main - INFO - Уникальных QR в первом файле: 28
2025-03-07 09:08:12,790 - main - INFO - Уникальных QR во втором файле: 20
2025-03-07 09:08:12,790 - main - INFO - Примеры QR из первого файла: ['010890111187221521PDTNWHREPCJR4D1726123110PA08254', '010890111187221521PDTDMZ3H337PVC1726123110PA08254', '010890111187221521PDTLE8WUK9NF5J1726123110PA08254', '010890111187221521PDT7FKJ0EXJVR71726123110PA08254', '010890111187221521PDTH5A06UOWGJE1726123110PA08254']
2025-03-07 09:08:12,790 - main - INFO - Примеры QR из второго файла: ['0104601026303838210000000001283172604011070524', '0104601026303838210000000001280172604011070524', '0104601026303838210000000001294172604011070524', '0104601026303838210000000001282172604011070524', '0104601026303838210000000001297172604011070524']
2025-03-07 09:08:12,790 - main - INFO - Количество товаров в файлах различается: В файле 1: 28 | В файле 2: 20
2025-03-07 09:08:12,790 - main - INFO - Создан файл с результатами: static/filtered_differences.txt
2025-03-12 12:23:05,430 - server-runner - INFO - Запуск сервера
2025-03-12 12:23:07,435 - server-runner - INFO - Открытие браузера по адресу: http://localhost:8000
2025-03-14 16:56:52,390 - server-runner - INFO - Запуск сервера
2025-03-14 16:56:54,395 - server-runner - INFO - Открытие браузера по адресу: http://localhost:8000
2025-03-14 16:57:13,900 - main - INFO - Получен запрос на сравнение файлов: дазел1.xlsx и дазел1 — копия.xlsx
2025-03-14 16:57:13,900 - main - INFO - Файлы успешно загружены. Размер файла 1: 9.7 КБ, файла 2: 9.0 КБ
2025-03-14 16:57:13,901 - main - INFO - Начинаем сравнение файлов
2025-03-14 16:57:14,125 - main - INFO - Первый файл успешно прочитан. Размер: (28, 2), Колонки: ['Серийный номер', 'QR-код']
2025-03-14 16:57:14,126 - main - INFO - Пример данных из первого файла:
   Серийный номер                                               QR-код
0  PDT7X2H7LCZWIW  010890111187221521PDT7X2H7LCZWIW1726123110PA08254\n
1  PDTOV8NHGUTKFG  010890111187221521PDTOV8NHGUTKFG1726123110PA08254\n
2  PDT7FKJ0EXJVR7  010890111187221521PDT7FKJ0EXJVR71726123110PA08254\n
3  PDTLE8WUK9NF5J  010890111187221521PDTLE8WUK9NF5J1726123110PA08254\n
4  PDT03FU0GA1CKV  010890111187221521PDT03FU0GA1CKV1726123110PA08254\n
2025-03-14 16:57:14,128 - main - INFO - Второй файл успешно прочитан. Размер: (20, 1)
2025-03-14 16:57:14,129 - main - INFO - Пример данных из второго файла:
                                                0
0  0104601026303838210000000001284172604011070524
1  0104601026303838210000000001279172604011070524
2  0104601026303838210000000001295172604011070524
3  0104601026303838210000000001288172604011070524
4  0104601026303838210000000001285172604011070524
2025-03-14 16:57:14,129 - main - INFO - Найдена колонка QR по имени: QR-код
2025-03-14 16:57:14,129 - main - INFO - Определены колонки в первом файле: QR=QR-код, Серия=None
2025-03-14 16:57:14,129 - main - INFO - Найдена колонка QR по содержимому: 0 (20 QR-кодов)
2025-03-14 16:57:14,129 - main - INFO - Определена колонка QR во втором файле: 0
2025-03-14 16:57:14,130 - main - INFO - Валидных QR в первом файле: 28 из 28
2025-03-14 16:57:14,130 - main - INFO - Валидных QR во втором файле: 20 из 20
2025-03-14 16:57:14,130 - main - INFO - Уникальных QR в первом файле: 28
2025-03-14 16:57:14,130 - main - INFO - Уникальных QR во втором файле: 20
2025-03-14 16:57:14,130 - main - INFO - Примеры QR из первого файла: ['010890111187221521PDTWY2G20T45C91726123110PA08254', '010890111187221521PDTFRIC70F49Z31726123110PA08254', '010890111187221521PDT7X2H7LCZWIW1726123110PA08254', '010890111187221521PDTHFO3FTWZ87D1726123110PA08254', '010890111187221521PDTMPOBJOT30QO1726123110PA08254']
2025-03-14 16:57:14,130 - main - INFO - Примеры QR из второго файла: ['0104601026303838210000000001293172604011070524', '0104601026303838210000000001291172604011070524', '0104601026303838210000000001279172604011070524', '0104601026303838210000000001282172604011070524', '0104601026303838210000000001297172604011070524']
2025-03-14 16:57:14,130 - main - INFO - Количество товаров в файлах различается: В файле 1: 28 | В файле 2: 20
2025-03-14 16:57:14,131 - main - INFO - Создан файл с результатами: static/filtered_differences.txt
2025-03-14 16:57:48,235 - main - INFO - Получен запрос на сравнение файлов: differences_file1.xlsx и differences_file2.xlsx
2025-03-14 16:57:48,239 - main - INFO - Файлы успешно загружены. Размер файла 1: 4.8 КБ, файла 2: 4.8 КБ
2025-03-14 16:57:48,239 - main - INFO - Начинаем сравнение файлов
2025-03-14 16:57:48,253 - main - INFO - Первый файл успешно прочитан. Размер: (8, 1), Колонки: ['0000000009576']
2025-03-14 16:57:48,254 - main - INFO - Пример данных из первого файла:
   0000000009576
0  0000000009585
1  0000000009759
2  0000000009587
3  0000000009582
4  0000000009774
2025-03-14 16:57:48,262 - main - INFO - Второй файл успешно прочитан. Размер: (10, 1)
2025-03-14 16:57:48,264 - main - INFO - Пример данных из второго файла:
                                                   0
0  0104870050006484210000000009587172602281024020234
1  0104870050006484210000000009772172602281024020234
2  0104870050006484210000000009576172602281024020234
3  0104870050006484210000000009582172602281024020234
4  0104870050006484210000000009757172602281024020234
2025-03-14 16:57:48,264 - main - INFO - QR-колонка не найдена, используем первую колонку: 0000000009576
2025-03-14 16:57:48,264 - main - INFO - Определены колонки в первом файле: QR=0000000009576, Серия=None
2025-03-14 16:57:48,265 - main - INFO - Найдена колонка QR по содержимому: 0 (10 QR-кодов)
2025-03-14 16:57:48,265 - main - INFO - Определена колонка QR во втором файле: 0
2025-03-14 16:57:48,267 - main - INFO - Валидных QR в первом файле: 0 из 8
2025-03-14 16:57:48,267 - main - INFO - Валидных QR во втором файле: 10 из 10
2025-03-14 16:57:48,267 - main - INFO - Уникальных QR в первом файле: 0
2025-03-14 16:57:48,267 - main - INFO - Уникальных QR во втором файле: 10
2025-03-14 16:57:48,267 - main - INFO - Примеры QR из второго файла: ['0104870050006484210000000009766172602281024020234', '0104870050006484210000000009582172602281024020234', '0104870050006484210000000009757172602281024020234', '0104870050006484210000000009759172602281024020234', '0104870050006484210000000009755172602281024020234']
2025-03-14 16:57:48,268 - main - INFO - Количество товаров в файлах различается: В файле 1: 0 | В файле 2: 10
2025-03-14 16:57:48,268 - main - INFO - Создан файл с результатами: static/filtered_differences.txt
2025-03-14 17:06:50,489 - main - INFO - Получен запрос на сравнение файлов: ф1.xlsx и ф2.xlsx
2025-03-14 17:06:50,491 - main - INFO - Файлы успешно загружены. Размер файла 1: 16.1 КБ, файла 2: 21.2 КБ
2025-03-14 17:06:50,491 - main - INFO - Начинаем сравнение файлов
2025-03-14 17:06:50,518 - main - INFO - Первый файл успешно прочитан. Размер: (236, 2), Колонки: ['Серийный номер', 'QR-код']
2025-03-14 17:06:50,519 - main - INFO - Пример данных из первого файла:
  Серийный номер                             QR-код
0  AGHYKTGVM1CWR  010500015810021321AGHYKTGVM1CWR\n
1  10V1VV6YXX2KE  01050001581002132110V1VV6YXX2KE\n
2  AE11MD5PRA9XR  010500015810021321AE11MD5PRA9XR\n
3  8W5C15EV6KAX3  0105000158100213218W5C15EV6KAX3\n
4  DRDAE5VF757MP  010500015810021321DRDAE5VF757MP\n
2025-03-14 17:06:50,529 - main - INFO - Второй файл успешно прочитан. Размер: (240, 1)
2025-03-14 17:06:50,529 - main - INFO - Пример данных из второго файла:
                                                                                     0
0  0105000158100213215GWPTA91XD1WY91EE1092rhlljI460iFvA9qLEZrxrOvlZzjQ/Ir4ntksWs6GJeg=
1  010500015810021321W89984P4XE84T91EE1092AHoJazngrTQHX3l/W/fbCqodmbrzbSOkOGVJq9ZGvDY=
2  0105000158100213217HKT91X2X935K91EE1092iTM73323fMD0izLq/LYi2XhGlTtNiN1MPgHEfxpPmQA=
3  010500015810021321XY78M43V9M01391EE10929GdcTRWUHyWVgThJooQDdJ5MKdVNeekillJ+MKbIh9Q=
4  010500015810021321T2ARW6G1MWCWE91EE10926OagBcxnJwd+3xnBrdu/kgYrv6+YL8kFE69SRoJlppU=
2025-03-14 17:06:50,530 - main - INFO - Найдена колонка QR по имени: QR-код
2025-03-14 17:06:50,530 - main - INFO - Определены колонки в первом файле: QR=QR-код, Серия=None
2025-03-14 17:06:50,532 - main - INFO - Найдена колонка QR по содержимому: 0 (240 QR-кодов)
2025-03-14 17:06:50,532 - main - INFO - Определена колонка QR во втором файле: 0
2025-03-14 17:06:50,535 - main - INFO - Валидных QR в первом файле: 236 из 236
2025-03-14 17:06:50,535 - main - INFO - Валидных QR во втором файле: 240 из 240
2025-03-14 17:06:50,535 - main - INFO - Уникальных QR в первом файле: 236
2025-03-14 17:06:50,535 - main - INFO - Уникальных QR во втором файле: 214
2025-03-14 17:06:50,535 - main - INFO - Примеры QR из первого файла: ['010500015810021321EHMHT6RFX59XR', '010500015810021321X8HXPHRG7HA82', '01050001581002132110V1VV6YXX2KE', '010500015810021321KCYH4FFWEP112', '010500015810021321CYTHXPE5A6D7G']
2025-03-14 17:06:50,536 - main - INFO - Примеры QR из второго файла: ['010500015810021321F2E73A9PHC6FM91EE1092aSHb/MYaZnwu6luvbnuX2xrHuRdwV6suH2AS6vNEcP8=', '010500015810021321R0K7445FKM2A691EE1092RWl98v4UWqHNwE+BdeJeSph+zUIIAr4rSczDqyvB6Zo=', '010500015810021321YR9FAD4R3CA3391EE1092YNQQStO9gjYTW9QSWBCt8SuzVJt+6TKtF7F2ebLzSIk=', '01050001581002132141DFF5K50V20X91EE1092K15kLx2Y/U7B0XtB3qEjU8ZVi55J7qjNVg1J8TFBwRg=', '010500015810021321KHVW984DM5CKD91EE1092Qoh15srf6hRx+205tjvLr12SNDFQ8It+k9apTWynyls=']
2025-03-14 17:06:50,536 - main - INFO - Количество товаров в файлах различается: В файле 1: 236 | В файле 2: 214
2025-03-14 17:06:50,536 - main - INFO - Создан файл с результатами: static/filtered_differences.txt
2025-03-14 17:44:49,764 - server-runner - INFO - Запуск сервера
2025-03-14 17:44:51,769 - server-runner - INFO - Открытие браузера по адресу: http://localhost:8000
2025-03-14 17:45:25,429 - main - INFO - Получен запрос на сравнение файлов: ф1.xlsx и ф2.xlsx
2025-03-14 17:45:25,430 - main - INFO - Файлы успешно загружены. Размер файла 1: 13.8 КБ, файла 2: 28.0 КБ
2025-03-14 17:45:25,430 - main - INFO - Начинаем сравнение файлов
2025-03-14 17:45:25,545 - main - INFO - Первый файл успешно прочитан. Размер: (236, 1), Колонки: ['Серийный номер']
2025-03-14 17:45:25,546 - main - INFO - Пример данных из первого файла:
  Серийный номер
0  AGHYKTGVM1CWR
1  10V1VV6YXX2KE
2  AE11MD5PRA9XR
3  8W5C15EV6KAX3
4  DRDAE5VF757MP
2025-03-14 17:45:25,554 - main - INFO - Второй файл успешно прочитан. Размер: (240, 1)
2025-03-14 17:45:25,555 - main - INFO - Пример данных из второго файла:
                                                                                     0
0  0105000158100213215GWPTA91XD1WY91EE1092rhlljI460iFvA9qLEZrxrOvlZzjQ/Ir4ntksWs6GJeg=
1  010500015810021321W89984P4XE84T91EE1092AHoJazngrTQHX3l/W/fbCqodmbrzbSOkOGVJq9ZGvDY=
2  0105000158100213217HKT91X2X935K91EE1092iTM73323fMD0izLq/LYi2XhGlTtNiN1MPgHEfxpPmQA=
3  010500015810021321XY78M43V9M01391EE10929GdcTRWUHyWVgThJooQDdJ5MKdVNeekillJ+MKbIh9Q=
4  010500015810021321T2ARW6G1MWCWE91EE10926OagBcxnJwd+3xnBrdu/kgYrv6+YL8kFE69SRoJlppU=
2025-03-14 17:45:25,555 - main - INFO - Найдена колонка Серия по имени: Серийный номер
2025-03-14 17:45:25,555 - main - INFO - QR-колонка не найдена, используем первую колонку: Серийный номер
2025-03-14 17:45:25,555 - main - INFO - Определены колонки в первом файле: QR=Серийный номер, Серия=Серийный номер
2025-03-14 17:45:25,556 - main - INFO - Найдена колонка QR по содержимому: 0 (100 QR-кодов)
2025-03-14 17:45:25,556 - main - INFO - Определена колонка QR во втором файле: 0
2025-03-14 17:45:25,556 - main - INFO - Валидных QR в первом файле: 0 из 236
2025-03-14 17:45:25,557 - main - INFO - Валидных QR во втором файле: 214 из 240
2025-03-14 17:45:25,557 - main - INFO - Примеры QR из второго файла: ['0105000158100213211DEACGRRDW7AP91EE1092Pi8RB81h5TWd7cQVqAzppAy6+kZXNCKKYZQAaHaHQ8I=', '010500015810021321WKY1E6GDWE8TH91EE1092qqnzyo/pEratPRzjLKWL4Nu7Pg2Efe4JZE0zrK5YJ6E=', '010500015810021321GHFM2YX0641WR91EE1092c9gBLepJXyEC9xbErdn1IDv68qTBGvzKC3LohQX9jxA=', '010500015810021321760AK1AXDD58791EE109202aiKQCCKXw6TMCIomQ9gGN+wCVBLtOzSWJ7/IZD430=', '010500015810021321AMMTX9H4XR7XR91EE1092KQACcMsl/VswNpDEtvO+iQFIFJXl8y63F5lg5oct8F0=']
2025-03-14 17:45:25,560 - main - INFO - Количество товаров в файлах различается: В файле 1: 0 | В файле 2: 214
2025-03-14 17:45:25,560 - main - INFO - Создан файл с результатами: static/filtered_differences.txt
2025-03-14 17:45:25,560 - main - INFO - Общее время выполнения: 0.13 секунд
2025-03-14 17:49:48,620 - main - INFO - Получен запрос на сравнение файлов: ф2.xlsx и ф2.xlsx
2025-03-14 17:49:48,622 - main - INFO - Файлы успешно загружены. Размер файла 1: 28.0 КБ, файла 2: 28.0 КБ
2025-03-14 17:49:48,623 - main - INFO - Начинаем сравнение файлов
2025-03-14 17:49:48,658 - main - INFO - Первый файл успешно прочитан. Размер: (239, 1), Колонки: ['0105000158100213215GWPTA91XD1WY91EE1092rhlljI460iFvA9qLEZrxrOvlZzjQ/Ir4ntksWs6GJeg=']
2025-03-14 17:49:48,660 - main - INFO - Пример данных из первого файла:
   0105000158100213215GWPTA91XD1WY91EE1092rhlljI460iFvA9qLEZrxrOvlZzjQ/Ir4ntksWs6GJeg=
0  010500015810021321W89984P4XE84T91EE1092AHoJazngrTQHX3l/W/fbCqodmbrzbSOkOGVJq9ZGvDY=
1  0105000158100213217HKT91X2X935K91EE1092iTM73323fMD0izLq/LYi2XhGlTtNiN1MPgHEfxpPmQA=
2  010500015810021321XY78M43V9M01391EE10929GdcTRWUHyWVgThJooQDdJ5MKdVNeekillJ+MKbIh9Q=
3  010500015810021321T2ARW6G1MWCWE91EE10926OagBcxnJwd+3xnBrdu/kgYrv6+YL8kFE69SRoJlppU=
4  010500015810021321FEGA6CV7YK03E91EE1092b4DuREhY5ll3hENsAApO3cQ586WI2XDnKJNbXy11g18=
2025-03-14 17:49:48,678 - main - INFO - Второй файл успешно прочитан. Размер: (240, 1)
2025-03-14 17:49:48,678 - main - INFO - Пример данных из второго файла:
                                                                                     0
0  0105000158100213215GWPTA91XD1WY91EE1092rhlljI460iFvA9qLEZrxrOvlZzjQ/Ir4ntksWs6GJeg=
1  010500015810021321W89984P4XE84T91EE1092AHoJazngrTQHX3l/W/fbCqodmbrzbSOkOGVJq9ZGvDY=
2  0105000158100213217HKT91X2X935K91EE1092iTM73323fMD0izLq/LYi2XhGlTtNiN1MPgHEfxpPmQA=
3  010500015810021321XY78M43V9M01391EE10929GdcTRWUHyWVgThJooQDdJ5MKdVNeekillJ+MKbIh9Q=
4  010500015810021321T2ARW6G1MWCWE91EE10926OagBcxnJwd+3xnBrdu/kgYrv6+YL8kFE69SRoJlppU=
2025-03-14 17:49:48,679 - main - INFO - Найдена колонка QR по содержимому: 0105000158100213215GWPTA91XD1WY91EE1092rhlljI460iFvA9qLEZrxrOvlZzjQ/Ir4ntksWs6GJeg= (100 QR-кодов)
2025-03-14 17:49:48,679 - main - INFO - Определены колонки в первом файле: QR=0105000158100213215GWPTA91XD1WY91EE1092rhlljI460iFvA9qLEZrxrOvlZzjQ/Ir4ntksWs6GJeg=, Серия=None
2025-03-14 17:49:48,680 - main - INFO - Найдена колонка QR по содержимому: 0 (100 QR-кодов)
2025-03-14 17:49:48,680 - main - INFO - Определена колонка QR во втором файле: 0
2025-03-14 17:49:48,682 - main - INFO - Валидных QR в первом файле: 213 из 239
2025-03-14 17:49:48,683 - main - INFO - Валидных QR во втором файле: 214 из 240
2025-03-14 17:49:48,683 - main - INFO - Примеры QR из первого файла: ['0105000158100213211DEACGRRDW7AP91EE1092Pi8RB81h5TWd7cQVqAzppAy6+kZXNCKKYZQAaHaHQ8I=', '010500015810021321WKY1E6GDWE8TH91EE1092qqnzyo/pEratPRzjLKWL4Nu7Pg2Efe4JZE0zrK5YJ6E=', '010500015810021321GHFM2YX0641WR91EE1092c9gBLepJXyEC9xbErdn1IDv68qTBGvzKC3LohQX9jxA=', '010500015810021321760AK1AXDD58791EE109202aiKQCCKXw6TMCIomQ9gGN+wCVBLtOzSWJ7/IZD430=', '010500015810021321AMMTX9H4XR7XR91EE1092KQACcMsl/VswNpDEtvO+iQFIFJXl8y63F5lg5oct8F0=']
2025-03-14 17:49:48,683 - main - INFO - Примеры QR из второго файла: ['0105000158100213211DEACGRRDW7AP91EE1092Pi8RB81h5TWd7cQVqAzppAy6+kZXNCKKYZQAaHaHQ8I=', '010500015810021321WKY1E6GDWE8TH91EE1092qqnzyo/pEratPRzjLKWL4Nu7Pg2Efe4JZE0zrK5YJ6E=', '010500015810021321GHFM2YX0641WR91EE1092c9gBLepJXyEC9xbErdn1IDv68qTBGvzKC3LohQX9jxA=', '010500015810021321760AK1AXDD58791EE109202aiKQCCKXw6TMCIomQ9gGN+wCVBLtOzSWJ7/IZD430=', '010500015810021321AMMTX9H4XR7XR91EE1092KQACcMsl/VswNpDEtvO+iQFIFJXl8y63F5lg5oct8F0=']
2025-03-14 17:49:48,684 - main - INFO - Количество товаров в файлах различается: В файле 1: 213 | В файле 2: 214
2025-03-14 17:49:48,684 - main - INFO - Создан файл с результатами: static/filtered_differences.txt
2025-03-14 17:49:48,684 - main - INFO - Общее время выполнения: 0.06 секунд
2025-03-14 17:49:59,278 - main - INFO - Получен запрос на сравнение файлов: ф2.xlsx и ф1.xlsx
2025-03-14 17:49:59,279 - main - INFO - Файлы успешно загружены. Размер файла 1: 28.0 КБ, файла 2: 13.8 КБ
2025-03-14 17:49:59,279 - main - INFO - Начинаем сравнение файлов
2025-03-14 17:49:59,316 - main - INFO - Первый файл успешно прочитан. Размер: (239, 1), Колонки: ['0105000158100213215GWPTA91XD1WY91EE1092rhlljI460iFvA9qLEZrxrOvlZzjQ/Ir4ntksWs6GJeg=']
2025-03-14 17:49:59,317 - main - INFO - Пример данных из первого файла:
   0105000158100213215GWPTA91XD1WY91EE1092rhlljI460iFvA9qLEZrxrOvlZzjQ/Ir4ntksWs6GJeg=
0  010500015810021321W89984P4XE84T91EE1092AHoJazngrTQHX3l/W/fbCqodmbrzbSOkOGVJq9ZGvDY=
1  0105000158100213217HKT91X2X935K91EE1092iTM73323fMD0izLq/LYi2XhGlTtNiN1MPgHEfxpPmQA=
2  010500015810021321XY78M43V9M01391EE10929GdcTRWUHyWVgThJooQDdJ5MKdVNeekillJ+MKbIh9Q=
3  010500015810021321T2ARW6G1MWCWE91EE10926OagBcxnJwd+3xnBrdu/kgYrv6+YL8kFE69SRoJlppU=
4  010500015810021321FEGA6CV7YK03E91EE1092b4DuREhY5ll3hENsAApO3cQ586WI2XDnKJNbXy11g18=
2025-03-14 17:49:59,328 - main - INFO - Второй файл успешно прочитан. Размер: (237, 1)
2025-03-14 17:49:59,329 - main - INFO - Пример данных из второго файла:
                0
0  Серийный номер
1   AGHYKTGVM1CWR
2   10V1VV6YXX2KE
3   AE11MD5PRA9XR
4   8W5C15EV6KAX3
2025-03-14 17:49:59,330 - main - INFO - Найдена колонка QR по содержимому: 0105000158100213215GWPTA91XD1WY91EE1092rhlljI460iFvA9qLEZrxrOvlZzjQ/Ir4ntksWs6GJeg= (100 QR-кодов)
2025-03-14 17:49:59,330 - main - INFO - Определены колонки в первом файле: QR=0105000158100213215GWPTA91XD1WY91EE1092rhlljI460iFvA9qLEZrxrOvlZzjQ/Ir4ntksWs6GJeg=, Серия=None
2025-03-14 17:49:59,330 - main - INFO - Найдена колонка Серия по содержимому: 0 (96 серий)
2025-03-14 17:49:59,330 - main - INFO - QR-колонка не найдена, используем первую колонку: 0
2025-03-14 17:49:59,330 - main - INFO - Определена колонка QR во втором файле: 0
2025-03-14 17:49:59,337 - main - INFO - Валидных QR в первом файле: 213 из 239
2025-03-14 17:49:59,338 - main - INFO - Валидных QR во втором файле: 0 из 237
2025-03-14 17:49:59,338 - main - INFO - Примеры QR из первого файла: ['0105000158100213211DEACGRRDW7AP91EE1092Pi8RB81h5TWd7cQVqAzppAy6+kZXNCKKYZQAaHaHQ8I=', '010500015810021321WKY1E6GDWE8TH91EE1092qqnzyo/pEratPRzjLKWL4Nu7Pg2Efe4JZE0zrK5YJ6E=', '010500015810021321GHFM2YX0641WR91EE1092c9gBLepJXyEC9xbErdn1IDv68qTBGvzKC3LohQX9jxA=', '010500015810021321760AK1AXDD58791EE109202aiKQCCKXw6TMCIomQ9gGN+wCVBLtOzSWJ7/IZD430=', '010500015810021321AMMTX9H4XR7XR91EE1092KQACcMsl/VswNpDEtvO+iQFIFJXl8y63F5lg5oct8F0=']
2025-03-14 17:49:59,338 - main - INFO - Количество товаров в файлах различается: В файле 1: 213 | В файле 2: 0
2025-03-14 17:49:59,339 - main - INFO - Создан файл с результатами: static/filtered_differences.txt
2025-03-14 17:49:59,342 - main - INFO - Общее время выполнения: 0.06 секунд
2025-03-14 18:00:08,092 - server-runner - INFO - Запуск сервера
2025-03-14 18:00:10,102 - server-runner - INFO - Открытие браузера по адресу: http://localhost:8000
2025-03-14 18:00:32,584 - main - INFO - Получен запрос на сравнение файлов: ф1.xlsx и ф2.xlsx
2025-03-14 18:00:32,585 - main - INFO - Файлы успешно загружены. Размер файла 1: 13.8 КБ, файла 2: 28.0 КБ
2025-03-14 18:00:32,585 - main - INFO - Начинаем сравнение файлов
2025-03-14 18:00:32,705 - main - INFO - Первый файл успешно прочитан. Размер: (236, 1), Колонки: ['Серийный номер']
2025-03-14 18:00:32,706 - main - INFO - Пример данных из первого файла:
  Серийный номер
0  AGHYKTGVM1CWR
1  10V1VV6YXX2KE
2  AE11MD5PRA9XR
3  8W5C15EV6KAX3
4  DRDAE5VF757MP
2025-03-14 18:00:32,715 - main - INFO - Второй файл успешно прочитан. Размер: (240, 1)
2025-03-14 18:00:32,716 - main - INFO - Пример данных из второго файла:
                                                                                     0
0  0105000158100213215GWPTA91XD1WY91EE1092rhlljI460iFvA9qLEZrxrOvlZzjQ/Ir4ntksWs6GJeg=
1  010500015810021321W89984P4XE84T91EE1092AHoJazngrTQHX3l/W/fbCqodmbrzbSOkOGVJq9ZGvDY=
2  0105000158100213217HKT91X2X935K91EE1092iTM73323fMD0izLq/LYi2XhGlTtNiN1MPgHEfxpPmQA=
3  010500015810021321XY78M43V9M01391EE10929GdcTRWUHyWVgThJooQDdJ5MKdVNeekillJ+MKbIh9Q=
4  010500015810021321T2ARW6G1MWCWE91EE10926OagBcxnJwd+3xnBrdu/kgYrv6+YL8kFE69SRoJlppU=
2025-03-14 18:00:32,716 - main - INFO - Найдена колонка с серийными номерами по имени: Серийный номер
2025-03-14 18:00:32,716 - main - INFO - Определены колонки в первом файле: Серия=Серийный номер, QR=None
2025-03-14 18:00:32,716 - main - INFO - Найдена колонка QR по содержимому: 0 (100 QR-кодов)
2025-03-14 18:00:32,716 - main - INFO - Колонка с серийными номерами не найдена, используем первую колонку: 0
2025-03-14 18:00:32,716 - main - INFO - Определена колонка QR во втором файле: 0
2025-03-14 18:00:32,717 - main - INFO - Серийных номеров в первом файле: 236 из 236
2025-03-14 18:00:32,717 - main - INFO - QR-кодов во втором файле: 214 из 240
2025-03-14 18:00:32,717 - main - INFO - Примеры серийных номеров из первого файла: ['976TMKWG6RD55', 'F386R9PFG9E2E', '1MXEHYF3FG430', '5GWPTA91XD1WY', '8GA5YWGC5P54C']
2025-03-14 18:00:32,717 - main - INFO - Примеры QR-кодов из второго файла: ['010500015810021321976TMKWG6RD5591EE1092Q+5yeqZXYsWfgP2M7BO6L/n5nsCsBNeid3gfLE7X1WA=', '010500015810021321C8PTTWR7V0FDE91EE1092BueRqc75RZ6D+kTrXHhaH75//WBveFTRLz+6CxrSX1w=', '0105000158100213213Y4GHV9DP51M491EE1092M0kuC7k7S7wOSgL9Wr/D2FW8K7qyS4/63eIquY1xEWQ=', '010500015810021321D3T2Y8WDV0ER891EE1092m+UwCUoyq3c7NP4n02xKXbhKWm++PeYFBczyouWTDXM=', '010500015810021321PT8Y9RPG4Y77T91EE1092AXEgY6s8ZpLKdeL84smIaH6qvCRxsKVleyMunBBFTIw=']
2025-03-14 18:00:32,719 - main - INFO - Количество товаров различается: В первом файле (серийные номера): 236 | Найдено в QR-кодах: 210
2025-03-14 18:00:32,719 - main - INFO - Создан файл с результатами: static/filtered_differences.txt
2025-03-14 18:00:32,719 - main - INFO - Общее время выполнения: 0.13 секунд
2025-03-14 18:13:10,649 - main - INFO - Получен запрос на сравнение файлов: Приход (2).xlsx и Факти-ое (2).xlsx
2025-03-14 18:13:10,650 - main - INFO - Файлы успешно загружены. Размер файла 1: 8.9 КБ, файла 2: 8.9 КБ
2025-03-14 18:13:10,650 - main - INFO - Начинаем сравнение файлов
2025-03-14 18:13:10,664 - main - INFO - Первый файл успешно прочитан. Размер: (9, 1), Колонки: ['Серийный номер']
2025-03-14 18:13:10,666 - main - INFO - Пример данных из первого файла:
  Серийный номер
0  0000000009755
1  0000000009585
2  0000000009757
3  0000000009759
4  0000000009576
2025-03-14 18:13:10,673 - main - INFO - Второй файл успешно прочитан. Размер: (10, 1)
2025-03-14 18:13:10,674 - main - INFO - Пример данных из второго файла:
                                                   0
0  0104870050006484210000000009774172602281024020234
1  0104870050006484210000000009587172602281024020234
2  0104870050006484210000000009755172602281024020234
3  0104870050006484210000000009582172602281024020234
4  0104870050006484210000000009772172602281024020234
2025-03-14 18:13:10,675 - main - INFO - Найдена колонка с серийными номерами по имени: Серийный номер
2025-03-14 18:13:10,675 - main - INFO - Определены колонки в первом файле: Серия=Серийный номер, QR=None
2025-03-14 18:13:10,676 - main - INFO - Найдена колонка QR по содержимому: 0 (10 QR-кодов)
2025-03-14 18:13:10,676 - main - INFO - Колонка с серийными номерами не найдена, используем первую колонку: 0
2025-03-14 18:13:10,676 - main - INFO - Определена колонка QR во втором файле: 0
2025-03-14 18:13:10,678 - main - INFO - Серийных номеров в первом файле: 9 из 9
2025-03-14 18:13:10,678 - main - INFO - QR-кодов во втором файле: 10 из 10
2025-03-14 18:13:10,678 - main - INFO - Примеры серийных номеров из первого файла: ['0000000009582', '0000000009585', '0000000009772', '0000000009774', '0000000009755']
2025-03-14 18:13:10,679 - main - INFO - Примеры QR-кодов из второго файла: ['0104870050006484210000000009755172602281024020234', '0104870050006484210000000009774172602281024020234', '0104870050006484210000000009759172602281024020234', '0104870050006484210000000009582172602281024020234', '0104870050006484210000000009757172602281024020234']
2025-03-14 18:13:10,679 - main - INFO - Различий не найдено
2025-03-14 18:13:10,679 - main - INFO - Общее время выполнения: 0.03 секунд
2025-03-14 18:19:46,640 - server-runner - INFO - Запуск сервера
2025-03-14 18:19:48,646 - server-runner - INFO - Открытие браузера по адресу: http://localhost:8000
2025-03-14 18:20:09,399 - main - INFO - Получен запрос на сравнение файлов: ф1.xlsx и ф2.xlsx
2025-03-14 18:20:09,399 - main - INFO - Файлы успешно загружены. Размер файла 1: 13.8 КБ, файла 2: 28.0 КБ
2025-03-14 18:20:09,399 - main - INFO - Начинаем сравнение файлов
2025-03-14 18:20:09,513 - main - INFO - Первый файл успешно прочитан. Размер: (236, 1), Колонки: ['Серийный номер']
2025-03-14 18:20:09,514 - main - INFO - Пример данных из первого файла:
  Серийный номер
0  AGHYKTGVM1CWR
1  10V1VV6YXX2KE
2  AE11MD5PRA9XR
3  8W5C15EV6KAX3
4  DRDAE5VF757MP
2025-03-14 18:20:09,523 - main - INFO - Второй файл успешно прочитан. Размер: (240, 1)
2025-03-14 18:20:09,524 - main - INFO - Пример данных из второго файла:
                                                                                     0
0  0105000158100213215GWPTA91XD1WY91EE1092rhlljI460iFvA9qLEZrxrOvlZzjQ/Ir4ntksWs6GJeg=
1  010500015810021321W89984P4XE84T91EE1092AHoJazngrTQHX3l/W/fbCqodmbrzbSOkOGVJq9ZGvDY=
2  0105000158100213217HKT91X2X935K91EE1092iTM73323fMD0izLq/LYi2XhGlTtNiN1MPgHEfxpPmQA=
3  010500015810021321XY78M43V9M01391EE10929GdcTRWUHyWVgThJooQDdJ5MKdVNeekillJ+MKbIh9Q=
4  010500015810021321T2ARW6G1MWCWE91EE10926OagBcxnJwd+3xnBrdu/kgYrv6+YL8kFE69SRoJlppU=
2025-03-14 18:20:09,524 - main - INFO - Найдена колонка с серийными номерами по имени: Серийный номер
2025-03-14 18:20:09,524 - main - INFO - Определены колонки в первом файле: Серия=Серийный номер, QR=None
2025-03-14 18:20:09,524 - main - INFO - Найдена колонка QR по содержимому: 0 (100 QR-кодов)
2025-03-14 18:20:09,525 - main - INFO - Колонка с серийными номерами не найдена, используем первую колонку: 0
2025-03-14 18:20:09,525 - main - INFO - Определена колонка QR во втором файле: 0
2025-03-14 18:20:09,525 - main - INFO - Серийных номеров в первом файле: 236 из 236
2025-03-14 18:20:09,525 - main - INFO - QR-кодов во втором файле: 214 из 240
2025-03-14 18:20:09,525 - main - INFO - Примеры серийных номеров из первого файла: ['8W5C15EV6KAX3', 'A1V4WGF3WW2T1', '663FV7EGER81M', 'AW2KR2RT4E63G', 'K7KP1YE3ETE07']
2025-03-14 18:20:09,526 - main - INFO - Примеры QR-кодов из второго файла: ['0105000158100213214XT3M070W4DEM91EE1092+4+PGyTqF3upr1lZNjEO4hZhmpI/B+Et+Ff9/paEiMY=', '010500015810021321VGT55A5C56C6691EE1092DsWq7jDOMqWvnc6WSxCPyywFMl9o6tgp8cB6N11ufNA=', '010500015810021321MR92HGCPDM14891EE1092Hh9P/esRYDjBECo3XActKHl7gyKsMt1V0CY72yiRK1E=', '010500015810021321KPR8HC0R149W291EE1092LYO1rW/JEaUz5bLnrazerX9NYRLuGTyHYrfSOxxe150=', '0105000158100213214C675GG5MF9E991EE1092jc4JL4xBkYWeZgUSETEW5QcW3wsqmdXYv3yxStoFEQM=']
2025-03-14 18:20:09,527 - main - INFO - ИТОГОВАЯ СТАТИСТИКА:
Серийных номеров в первом файле: 236
QR-кодов во втором файле: 214
Серийных номеров, найденных в QR-кодах: 210
Серийных номеров, не найденных в QR-кодах: 26
QR-кодов, не соответствующих ни одному серийному номеру: 4
2025-03-14 18:20:09,527 - main - INFO - Создан файл с результатами: static/filtered_differences.txt
2025-03-14 18:20:09,527 - main - INFO - Общее время выполнения: 0.13 секунд
2025-03-14 18:22:50,318 - server-runner - INFO - Запуск сервера
2025-03-14 18:22:52,324 - server-runner - INFO - Открытие браузера по адресу: http://localhost:8000
2025-03-14 18:23:12,478 - main - INFO - Получен запрос на сравнение файлов: ф1.xlsx и ф2.xlsx
2025-03-14 18:23:12,478 - main - INFO - Файлы успешно загружены. Размер файла 1: 13.8 КБ, файла 2: 28.0 КБ
2025-03-14 18:23:12,479 - main - INFO - Начинаем сравнение файлов
2025-03-14 18:23:12,598 - main - INFO - Первый файл успешно прочитан. Размер: (236, 1), Колонки: ['Серийный номер']
2025-03-14 18:23:12,599 - main - INFO - Пример данных из первого файла:
  Серийный номер
0  AGHYKTGVM1CWR
1  10V1VV6YXX2KE
2  AE11MD5PRA9XR
3  8W5C15EV6KAX3
4  DRDAE5VF757MP
2025-03-14 18:23:12,608 - main - INFO - Второй файл успешно прочитан. Размер: (240, 1)
2025-03-14 18:23:12,608 - main - INFO - Пример данных из второго файла:
                                                                                     0
0  0105000158100213215GWPTA91XD1WY91EE1092rhlljI460iFvA9qLEZrxrOvlZzjQ/Ir4ntksWs6GJeg=
1  010500015810021321W89984P4XE84T91EE1092AHoJazngrTQHX3l/W/fbCqodmbrzbSOkOGVJq9ZGvDY=
2  0105000158100213217HKT91X2X935K91EE1092iTM73323fMD0izLq/LYi2XhGlTtNiN1MPgHEfxpPmQA=
3  010500015810021321XY78M43V9M01391EE10929GdcTRWUHyWVgThJooQDdJ5MKdVNeekillJ+MKbIh9Q=
4  010500015810021321T2ARW6G1MWCWE91EE10926OagBcxnJwd+3xnBrdu/kgYrv6+YL8kFE69SRoJlppU=
2025-03-14 18:23:12,608 - main - INFO - Найдена колонка с серийными номерами по имени: Серийный номер
2025-03-14 18:23:12,608 - main - INFO - Определены колонки в первом файле: Серия=Серийный номер, QR=None
2025-03-14 18:23:12,609 - main - INFO - Найдена колонка QR по содержимому: 0 (100 QR-кодов)
2025-03-14 18:23:12,609 - main - INFO - Колонка с серийными номерами не найдена, используем первую колонку: 0
2025-03-14 18:23:12,609 - main - INFO - Определена колонка QR во втором файле: 0
2025-03-14 18:23:12,610 - main - INFO - Серийных номеров в первом файле: 236 из 236
2025-03-14 18:23:12,610 - main - INFO - QR-кодов во втором файле: 214 из 240
2025-03-14 18:23:12,610 - main - INFO - Примеры серийных номеров из первого файла: ['258XM57Y660E4', 'AW2KR2RT4E63G', 'K5FHR30CMW98H', 'GHKHE6W9VH88V', 'KPR8HC0R149W2']
2025-03-14 18:23:12,610 - main - INFO - Примеры QR-кодов из второго файла: ['010500015810021321M2RXXW3Y3F9PA91EE1092OYwtZa7E/54MpNdMP73Oe+vbirXcvIGJR4MHa3ohpFo=', '010500015810021321EDM94H32GG93R91EE1092pAvU0OfVIB2RKGfpdmfV9GL2VFRBRyPnTfwBBEpvn1Y=', '010500015810021321FTEXD42FKGF4X91EE1092u1MHe5I/EgMusVNmzEFWFS1OdU0znBPlNcu60MbGFX8=', '0105000158100213219K42MRM5GWCEP91EE1092gw8H7io60PplQv2CV6f8sZojlwQY+wg+ALPZYyVT7ZQ=', '010500015810021321KWW1Y574D580R91EE1092Q8HZcmp7DAhoejBCzhKCli9VBPJ8lJOtuuACerj3VM4=']
2025-03-14 18:23:12,611 - main - INFO - ИТОГОВАЯ СТАТИСТИКА:
Серийных номеров в первом файле: 236
QR-кодов во втором файле: 214
Серийных номеров, найденных в QR-кодах: 210
Серийных номеров, не найденных в QR-кодах: 26
QR-кодов, не соответствующих ни одному серийному номеру: 4
2025-03-14 18:23:12,612 - main - INFO - Создан файл с результатами: static/filtered_differences.txt
2025-03-14 18:23:12,612 - main - INFO - Общее время выполнения: 0.13 секунд
2025-03-14 18:32:03,462 - server-runner - INFO - Запуск сервера
2025-03-14 18:32:05,468 - server-runner - INFO - Открытие браузера по адресу: http://localhost:8000
2025-03-14 18:32:28,734 - main - INFO - Получен запрос на сравнение файлов: ф1.xlsx и ф2.xlsx
2025-03-14 18:32:28,734 - main - INFO - Файлы успешно загружены. Размер файла 1: 13.8 КБ, файла 2: 28.0 КБ
2025-03-14 18:32:28,734 - main - INFO - Начинаем сравнение файлов
2025-03-14 18:32:28,853 - main - INFO - Первый файл успешно прочитан. Размер: (236, 1), Колонки: ['Серийный номер']
2025-03-14 18:32:28,854 - main - INFO - Пример данных из первого файла:
  Серийный номер
0  AGHYKTGVM1CWR
1  10V1VV6YXX2KE
2  AE11MD5PRA9XR
3  8W5C15EV6KAX3
4  DRDAE5VF757MP
2025-03-14 18:32:28,864 - main - INFO - Второй файл успешно прочитан. Размер: (240, 1)
2025-03-14 18:32:28,864 - main - INFO - Пример данных из второго файла:
                                                                                     0
0  0105000158100213215GWPTA91XD1WY91EE1092rhlljI460iFvA9qLEZrxrOvlZzjQ/Ir4ntksWs6GJeg=
1  010500015810021321W89984P4XE84T91EE1092AHoJazngrTQHX3l/W/fbCqodmbrzbSOkOGVJq9ZGvDY=
2  0105000158100213217HKT91X2X935K91EE1092iTM73323fMD0izLq/LYi2XhGlTtNiN1MPgHEfxpPmQA=
3  010500015810021321XY78M43V9M01391EE10929GdcTRWUHyWVgThJooQDdJ5MKdVNeekillJ+MKbIh9Q=
4  010500015810021321T2ARW6G1MWCWE91EE10926OagBcxnJwd+3xnBrdu/kgYrv6+YL8kFE69SRoJlppU=
2025-03-14 18:32:28,864 - main - INFO - Найдена колонка с серийными номерами по имени: Серийный номер
2025-03-14 18:32:28,864 - main - INFO - Определены колонки в первом файле: Серия=Серийный номер, QR=None
2025-03-14 18:32:28,865 - main - INFO - Найдена колонка QR по содержимому: 0 (100 QR-кодов)
2025-03-14 18:32:28,865 - main - INFO - Колонка с серийными номерами не найдена, используем первую колонку: 0
2025-03-14 18:32:28,865 - main - INFO - Определена колонка QR во втором файле: 0
2025-03-14 18:32:28,866 - main - INFO - Серийных номеров в первом файле: 236 из 236
2025-03-14 18:32:28,866 - main - INFO - Всего QR-кодов во втором файле: 240
2025-03-14 18:32:28,866 - main - INFO - Уникальных QR-кодов во втором файле: 214
2025-03-14 18:32:28,866 - main - INFO - Примеры серийных номеров из первого файла: ['RY8KP3M2170WW', '6VW34YA9YW8FK', 'VGT55A5C56C66', 'FFTV78X4YX5W6', '1CW020VFAA923']
2025-03-14 18:32:28,866 - main - INFO - Примеры QR-кодов из второго файла: ['010500015810021321W3WX54T6CHCEC91EE10923SqQ5H8MAJs4YXLKQYgDbFCApL1XCKMs6ory2B8miTY=', '010500015810021321X18GK5C3V0AVT91EE1092S4qbaEWtX30xsQnw8Zhv9yWitd5PEs73BeXfuhiyDBU=', '010500015810021321FE20WFXRWT85T91EE1092dPG5r7gShapMoreDsYOxswyP8qAIG4RBiBGsOZJiMvk=', '010500015810021321YT8GHM1X136RC91EE1092AMHtjO+bmJysDrMx5IyR0vplbNmTQPqTbiwUugG+SFI=', '0105000158100213218GA5YWGC5P54C91EE1092i+nS82YSoQnsbjk3l0Fa4UnXuZ6Sa4gkAM2bBa9LWJ8=']
2025-03-14 18:32:28,867 - main - INFO - ИТОГОВАЯ СТАТИСТИКА:
Серийных номеров в первом файле: 236
Всего QR-кодов во втором файле: 240
Уникальных QR-кодов во втором файле: 214
Серийных номеров, найденных в QR-кодах: 210
Серийных номеров, не найденных в QR-кодах: 26
QR-кодов, не соответствующих ни одному серийному номеру: 4
2025-03-14 18:32:28,868 - main - INFO - Создан файл с результатами: static/filtered_differences.txt
2025-03-14 18:32:28,868 - main - INFO - Общее время выполнения: 0.13 секунд
2025-03-14 18:33:21,534 - main - INFO - Получен запрос на сравнение файлов: Приход (2).xlsx и Факти-ое (2).xlsx
2025-03-14 18:33:21,535 - main - INFO - Файлы успешно загружены. Размер файла 1: 8.9 КБ, файла 2: 8.9 КБ
2025-03-14 18:33:21,535 - main - INFO - Начинаем сравнение файлов
2025-03-14 18:33:21,548 - main - INFO - Первый файл успешно прочитан. Размер: (9, 1), Колонки: ['Серийный номер']
2025-03-14 18:33:21,550 - main - INFO - Пример данных из первого файла:
  Серийный номер
0  0000000009755
1  0000000009585
2  0000000009757
3  0000000009759
4  0000000009576
2025-03-14 18:33:21,557 - main - INFO - Второй файл успешно прочитан. Размер: (10, 1)
2025-03-14 18:33:21,558 - main - INFO - Пример данных из второго файла:
                                                   0
0  0104870050006484210000000009774172602281024020234
1  0104870050006484210000000009587172602281024020234
2  0104870050006484210000000009755172602281024020234
3  0104870050006484210000000009582172602281024020234
4  0104870050006484210000000009772172602281024020234
2025-03-14 18:33:21,559 - main - INFO - Найдена колонка с серийными номерами по имени: Серийный номер
2025-03-14 18:33:21,559 - main - INFO - Определены колонки в первом файле: Серия=Серийный номер, QR=None
2025-03-14 18:33:21,559 - main - INFO - Найдена колонка QR по содержимому: 0 (10 QR-кодов)
2025-03-14 18:33:21,559 - main - INFO - Колонка с серийными номерами не найдена, используем первую колонку: 0
2025-03-14 18:33:21,560 - main - INFO - Определена колонка QR во втором файле: 0
2025-03-14 18:33:21,562 - main - INFO - Серийных номеров в первом файле: 9 из 9
2025-03-14 18:33:21,562 - main - INFO - Всего QR-кодов во втором файле: 10
2025-03-14 18:33:21,562 - main - INFO - Уникальных QR-кодов во втором файле: 10
2025-03-14 18:33:21,562 - main - INFO - Примеры серийных номеров из первого файла: ['0000000009759', '0000000009587', '0000000009576', '0000000009772', '0000000009585']
2025-03-14 18:33:21,562 - main - INFO - Примеры QR-кодов из второго файла: ['0104870050006484210000000009755172602281024020234', '0104870050006484210000000009766172602281024020234', '0104870050006484210000000009759172602281024020234', '0104870050006484210000000009576172602281024020234', '0104870050006484210000000009772172602281024020234']
2025-03-14 18:33:21,564 - main - INFO - ИТОГОВАЯ СТАТИСТИКА:
Серийных номеров в первом файле: 9
Всего QR-кодов во втором файле: 10
Уникальных QR-кодов во втором файле: 10
Серийных номеров, найденных в QR-кодах: 9
Серийных номеров, не найденных в QR-кодах: 0
QR-кодов, не соответствующих ни одному серийному номеру: 1
2025-03-14 18:33:21,565 - main - INFO - Создан файл с результатами: static/filtered_differences.txt
2025-03-14 18:33:21,565 - main - INFO - Общее время выполнения: 0.03 секунд
2025-03-14 18:50:28,925 - main - INFO - Получен запрос на сравнение файлов: Приход ошибка в qr.xlsx и факт ошбка в qr.xlsx
2025-03-14 18:50:28,928 - main - INFO - Файлы успешно загружены. Размер файла 1: 9.8 КБ, файла 2: 9.7 КБ
2025-03-14 18:50:28,929 - main - INFO - Начинаем сравнение файлов
2025-03-14 18:50:28,949 - main - INFO - Первый файл успешно прочитан. Размер: (80, 1), Колонки: ['Серийный номер']
2025-03-14 18:50:28,950 - main - INFO - Пример данных из первого файла:
  Серийный номер
0  0000000481002
1  0000000481302
2  0000000485502
3  0000000484902
4  0000000498802
2025-03-14 18:50:28,957 - main - INFO - Второй файл успешно прочитан. Размер: (79, 1)
2025-03-14 18:50:28,958 - main - INFO - Пример данных из второго файла:
                                 0
0  0104780015642544210000000480802
1  0104780015642544210000000481202
2  0104780015642544210000000481802
3  0104780015642544210000000485302
4  0104780015642544210000000485002
2025-03-14 18:50:28,958 - main - INFO - Найдена колонка с серийными номерами по имени: Серийный номер
2025-03-14 18:50:28,958 - main - INFO - Определены колонки в первом файле: Серия=Серийный номер, QR=None
2025-03-14 18:50:28,959 - main - INFO - Найдена колонка QR по содержимому: 0 (79 QR-кодов)
2025-03-14 18:50:28,959 - main - INFO - Колонка с серийными номерами не найдена, используем первую колонку: 0
2025-03-14 18:50:28,959 - main - INFO - Определена колонка QR во втором файле: 0
2025-03-14 18:50:28,960 - main - INFO - Серийных номеров в первом файле: 80 из 80
2025-03-14 18:50:28,960 - main - INFO - Всего QR-кодов во втором файле: 79
2025-03-14 18:50:28,960 - main - INFO - Уникальных QR-кодов во втором файле: 79
2025-03-14 18:50:28,960 - main - INFO - Примеры серийных номеров из первого файла: ['0000000585402', '0000000585902', '0000000485502', '0000000480902', '0000000499602']
2025-03-14 18:50:28,960 - main - INFO - Примеры QR-кодов из второго файла: ['0104780015642544210000000498502', '0104780015642544210000000499102', '0104780015642544210000000481502', '0104780015642544210000000584002', '0104780015642544210000000499002']
2025-03-14 18:50:28,962 - main - INFO - ИТОГОВАЯ СТАТИСТИКА:
Серийных номеров в первом файле: 80
Всего QR-кодов во втором файле: 79
Уникальных QR-кодов во втором файле: 79
Серийных номеров, найденных в QR-кодах: 79
Серийных номеров, не найденных в QR-кодах: 1
QR-кодов, не соответствующих ни одному серийному номеру: 0
2025-03-14 18:50:28,964 - main - INFO - Создан файл с результатами: static/filtered_differences.txt
2025-03-14 18:50:28,964 - main - INFO - Общее время выполнения: 0.04 секунд
2025-03-14 18:55:31,125 - main - INFO - Получен запрос на сравнение файлов: Приход (2).xlsx и Факти-ое (2).xlsx
2025-03-14 18:55:31,127 - main - INFO - Файлы успешно загружены. Размер файла 1: 8.9 КБ, файла 2: 8.9 КБ
2025-03-14 18:55:31,127 - main - INFO - Начинаем сравнение файлов
2025-03-14 18:55:31,142 - main - INFO - Первый файл успешно прочитан. Размер: (9, 1), Колонки: ['Серийный номер']
2025-03-14 18:55:31,144 - main - INFO - Пример данных из первого файла:
  Серийный номер
0  0000000009755
1  0000000009585
2  0000000009757
3  0000000009759
4  0000000009576
2025-03-14 18:55:31,150 - main - INFO - Второй файл успешно прочитан. Размер: (10, 1)
2025-03-14 18:55:31,151 - main - INFO - Пример данных из второго файла:
                                                   0
0  0104870050006484210000000009774172602281024020234
1  0104870050006484210000000009587172602281024020234
2  0104870050006484210000000009755172602281024020234
3  0104870050006484210000000009582172602281024020234
4  0104870050006484210000000009772172602281024020234
2025-03-14 18:55:31,151 - main - INFO - Найдена колонка с серийными номерами по имени: Серийный номер
2025-03-14 18:55:31,151 - main - INFO - Определены колонки в первом файле: Серия=Серийный номер, QR=None
2025-03-14 18:55:31,152 - main - INFO - Найдена колонка QR по содержимому: 0 (10 QR-кодов)
2025-03-14 18:55:31,152 - main - INFO - Колонка с серийными номерами не найдена, используем первую колонку: 0
2025-03-14 18:55:31,152 - main - INFO - Определена колонка QR во втором файле: 0
2025-03-14 18:55:31,154 - main - INFO - Серийных номеров в первом файле: 9 из 9
2025-03-14 18:55:31,154 - main - INFO - Всего QR-кодов во втором файле: 10
2025-03-14 18:55:31,154 - main - INFO - Уникальных QR-кодов во втором файле: 10
2025-03-14 18:55:31,154 - main - INFO - Примеры серийных номеров из первого файла: ['0000000009759', '0000000009587', '0000000009576', '0000000009772', '0000000009585']
2025-03-14 18:55:31,154 - main - INFO - Примеры QR-кодов из второго файла: ['0104870050006484210000000009755172602281024020234', '0104870050006484210000000009766172602281024020234', '0104870050006484210000000009759172602281024020234', '0104870050006484210000000009576172602281024020234', '0104870050006484210000000009772172602281024020234']
2025-03-14 18:55:31,154 - main - INFO - ИТОГОВАЯ СТАТИСТИКА:
Серийных номеров в первом файле: 9
Всего QR-кодов во втором файле: 10
Уникальных QR-кодов во втором файле: 10
Серийных номеров, найденных в QR-кодах: 9
Серийных номеров, не найденных в QR-кодах: 0
QR-кодов, не соответствующих ни одному серийному номеру: 1
2025-03-14 18:55:31,156 - main - INFO - Создан файл с результатами: static/filtered_differences.txt
2025-03-14 18:55:31,156 - main - INFO - Общее время выполнения: 0.03 секунд
2025-03-14 19:01:09,797 - main - INFO - Получен запрос на сравнение файлов: differences_file1.xlsx и differences_file2.xlsx
2025-03-14 19:01:09,799 - main - INFO - Файлы успешно загружены. Размер файла 1: 4.8 КБ, файла 2: 4.8 КБ
2025-03-14 19:01:09,800 - main - INFO - Начинаем сравнение файлов
2025-03-14 19:01:09,812 - main - INFO - Первый файл успешно прочитан. Размер: (8, 1), Колонки: ['0000000009576']
2025-03-14 19:01:09,813 - main - INFO - Пример данных из первого файла:
   0000000009576
0  0000000009585
1  0000000009759
2  0000000009587
3  0000000009582
4  0000000009774
2025-03-14 19:01:09,819 - main - INFO - Второй файл успешно прочитан. Размер: (10, 1)
2025-03-14 19:01:09,820 - main - INFO - Пример данных из второго файла:
                                                   0
0  0104870050006484210000000009587172602281024020234
1  0104870050006484210000000009772172602281024020234
2  0104870050006484210000000009576172602281024020234
3  0104870050006484210000000009582172602281024020234
4  0104870050006484210000000009757172602281024020234
2025-03-14 19:01:09,820 - main - INFO - Найдена колонка с серийными номерами по содержимому: 0000000009576 (8 серий)
2025-03-14 19:01:09,820 - main - INFO - Определены колонки в первом файле: Серия=0000000009576, QR=None
2025-03-14 19:01:09,821 - main - INFO - Найдена колонка QR по содержимому: 0 (10 QR-кодов)
2025-03-14 19:01:09,821 - main - INFO - Колонка с серийными номерами не найдена, используем первую колонку: 0
2025-03-14 19:01:09,821 - main - INFO - Определена колонка QR во втором файле: 0
2025-03-14 19:01:09,822 - main - INFO - Серийных номеров в первом файле: 8 из 8
2025-03-14 19:01:09,822 - main - INFO - Всего QR-кодов во втором файле: 10
2025-03-14 19:01:09,822 - main - INFO - Уникальных QR-кодов во втором файле: 10
2025-03-14 19:01:09,822 - main - INFO - Примеры серийных номеров из первого файла: ['0000000009759', '0000000009755', '0000000009772', '0000000009585', '0000000009582']
2025-03-14 19:01:09,822 - main - INFO - Примеры QR-кодов из второго файла: ['0104870050006484210000000009755172602281024020234', '0104870050006484210000000009766172602281024020234', '0104870050006484210000000009757172602281024020234', '0104870050006484210000000009576172602281024020234', '0104870050006484210000000009772172602281024020234']
2025-03-14 19:01:09,822 - main - INFO - ИТОГОВАЯ СТАТИСТИКА:
Серийных номеров в первом файле: 8
Всего QR-кодов во втором файле: 10
Уникальных QR-кодов во втором файле: 10
Серийных номеров, найденных в QR-кодах: 8
Серийных номеров, не найденных в QR-кодах: 0
QR-кодов, не соответствующих ни одному серийному номеру: 2
2025-03-14 19:01:09,823 - main - INFO - Создан файл с результатами: static/filtered_differences.txt
2025-03-14 19:01:09,823 - main - INFO - Общее время выполнения: 0.02 секунд
2025-03-14 23:07:20,957 - server-runner - INFO - Запуск сервера
2025-03-14 23:07:22,963 - server-runner - INFO - Открытие браузера по адресу: http://localhost:8000
2025-03-14 23:07:42,181 - main - INFO - Получен запрос на сравнение файлов: Витапрост.xlsx и Витапрост QR.xlsx
2025-03-14 23:07:42,182 - main - INFO - Файлы успешно загружены. Размер файла 1: 9.3 КБ, файла 2: 9.4 КБ
2025-03-14 23:07:42,182 - main - INFO - Начинаем сравнение файлов
2025-03-14 23:07:42,305 - main - INFO - Первый файл успешно прочитан. Размер: (31, 1), Колонки: ['Серийный номер']
2025-03-14 23:07:42,306 - main - INFO - Пример данных из первого файла:
  Серийный номер
0  AAABKG25V51RG
1  AAABKKT4RMH99
2  AAABKPN04GVGC
3  AAABKH96RXX24
4  AAABKG42KR99P
2025-03-14 23:07:42,308 - main - INFO - Второй файл успешно прочитан. Размер: (35, 1)
2025-03-14 23:07:42,309 - main - INFO - Пример данных из второго файла:
                                     0
0    010460102630756021AAABKG25V51RG\n
1    010460102630756021AAABKKT4RMH99\n
2    010460102630756021AAABKPN04GVGC\n
3    010460102630756021AAABKH96RXX24\n
4  010460102630756021AAABKG42KR9989P\n
2025-03-14 23:07:42,309 - main - INFO - Найдена колонка с серийными номерами по имени: Серийный номер
2025-03-14 23:07:42,309 - main - INFO - Определены колонки в первом файле: Серия=Серийный номер, QR=None
2025-03-14 23:07:42,309 - main - INFO - Найдена колонка QR по содержимому: 0 (35 QR-кодов)
2025-03-14 23:07:42,309 - main - INFO - Колонка с серийными номерами не найдена, используем первую колонку: 0
2025-03-14 23:07:42,309 - main - INFO - Определена колонка QR во втором файле: 0
2025-03-14 23:07:42,310 - main - INFO - Серийных номеров в первом файле: 31 из 31
2025-03-14 23:07:42,310 - main - INFO - Всего QR-кодов во втором файле: 35
2025-03-14 23:07:42,310 - main - INFO - Уникальных QR-кодов во втором файле: 35
2025-03-14 23:07:42,310 - main - INFO - Примеры серийных номеров из первого файла: ['AAABSE76F0HXP', 'AAABKH8YG4HZ6', 'AAABKGTSZG671', 'AAABA75G55Y4X', 'AAABKNP95FVB4']
2025-03-14 23:07:42,310 - main - INFO - Примеры QR-кодов из второго файла: ['010460102630756021AAABKF7DCRGCS', '010460102630756021AAABA6MBB6K8Y', '010460102630756021AAABSF0CSPBT7', '010460102630756021AAABKMFBV02RB', '010460102630756021AAAB86ZFV7FY4']
2025-03-14 23:07:42,310 - main - INFO - ИТОГОВАЯ СТАТИСТИКА:
Серийных номеров в первом файле: 31
Всего QR-кодов во втором файле: 35
Уникальных QR-кодов во втором файле: 35
Серийных номеров, найденных в QR-кодах: 30
Серийных номеров, не найденных в QR-кодах: 1
QR-кодов, не соответствующих ни одному серийному номеру: 5
2025-03-14 23:07:42,310 - main - INFO - Создан файл с результатами: static/filtered_differences.txt
2025-03-14 23:07:42,310 - main - INFO - Общее время выполнения: 0.13 секунд
2025-03-14 23:09:59,834 - main - INFO - Получен запрос на сравнение файлов: Гептрал серии.xlsx и Гептрал QR.xlsx
2025-03-14 23:09:59,836 - main - INFO - Файлы успешно загружены. Размер файла 1: 9.6 КБ, файла 2: 9.5 КБ
2025-03-14 23:09:59,836 - main - INFO - Начинаем сравнение файлов
2025-03-14 23:09:59,852 - main - INFO - Первый файл успешно прочитан. Размер: (42, 1), Колонки: ['Серийный номер']
2025-03-14 23:09:59,853 - main - INFO - Пример данных из первого файла:
   Серийный номер
0  83443129332479
1  90286062664307
2  47620919250347
3  74818608866605
4  87691177405338
2025-03-14 23:09:59,859 - main - INFO - Второй файл успешно прочитан. Размер: (43, 1)
2025-03-14 23:09:59,860 - main - INFO - Пример данных из второго файла:
                                                     0
0  0108002660028150218344312933247917260831101211654\n
1  0108002660028150219028606266430717260831101211654\n
2  0108002660028150214762091925034717260831101211654\n
3  0108002660028150217481860886660517260831101211654\n
4  0108002660028150218769117740533817260831101211654\n
2025-03-14 23:09:59,860 - main - INFO - Найдена колонка с серийными номерами по имени: Серийный номер
2025-03-14 23:09:59,860 - main - INFO - Определены колонки в первом файле: Серия=Серийный номер, QR=None
2025-03-14 23:09:59,861 - main - INFO - Найдена колонка QR по содержимому: 0 (43 QR-кодов)
2025-03-14 23:09:59,861 - main - INFO - Колонка с серийными номерами не найдена, используем первую колонку: 0
2025-03-14 23:09:59,861 - main - INFO - Определена колонка QR во втором файле: 0
2025-03-14 23:09:59,862 - main - INFO - Серийных номеров в первом файле: 42 из 42
2025-03-14 23:09:59,862 - main - INFO - Всего QR-кодов во втором файле: 43
2025-03-14 23:09:59,862 - main - INFO - Уникальных QR-кодов во втором файле: 42
2025-03-14 23:09:59,862 - main - INFO - Примеры серийных номеров из первого файла: ['42541427726993', '22475230010533', '36510568720067', '89881511802375', '74672158271065']
2025-03-14 23:09:59,862 - main - INFO - Примеры QR-кодов из второго файла: ['0108002660028150217586590967260117260831101211654', '0108002660028150215441869566332817260831101211654', '0108002660028150217151068633930517260831101211654', '0108002660028150211563650857584017260831101211654', '0108002660028150218988151180237517260831101211654']
2025-03-14 23:09:59,862 - main - INFO - ИТОГОВАЯ СТАТИСТИКА:
Серийных номеров в первом файле: 42
Всего QR-кодов во втором файле: 43
Уникальных QR-кодов во втором файле: 42
Серийных номеров, найденных в QR-кодах: 41
Серийных номеров, не найденных в QR-кодах: 1
QR-кодов, не соответствующих ни одному серийному номеру: 1
2025-03-14 23:09:59,864 - main - INFO - Создан файл с результатами: static/filtered_differences.txt
2025-03-14 23:09:59,865 - main - INFO - Общее время выполнения: 0.03 секунд
2025-03-14 23:49:09,658 - server-runner - INFO - Запуск сервера
2025-03-14 23:49:11,663 - server-runner - INFO - Открытие браузера по адресу: http://localhost:8000
2025-03-15 00:06:28,045 - server-runner - INFO - Запуск сервера
2025-03-15 00:06:30,050 - server-runner - INFO - Открытие браузера по адресу: http://localhost:8000
2025-03-15 00:15:14,092 - server-runner - INFO - Запуск сервера
2025-03-15 00:15:16,097 - server-runner - INFO - Открытие браузера по адресу: http://localhost:8000
2025-03-15 00:15:31,834 - main - INFO - Получен запрос на сравнение файлов: statement-2025-02-17-2025-02-24.xls и milk_yield.xlsx
2025-03-15 00:15:31,835 - main - INFO - Файлы успешно загружены. Размер файла 1: 0.2 КБ, файла 2: 49.2 КБ
2025-03-15 00:15:31,835 - main - INFO - Начинаем сравнение файлов
2025-03-15 00:15:31,838 - main - ERROR - Ошибка при чтении Excel: Excel file format cannot be determined, you must specify an engine manually.
2025-03-15 00:15:31,838 - main - ERROR - Ошибка при чтении первого файла: Не удалось прочитать Excel-файл: Excel file format cannot be determined, you must specify an engine manually.
2025-03-15 00:15:31,838 - main - ERROR - Ошибка при сравнении файлов: 400: Ошибка при чтении первого файла: Не удалось прочитать Excel-файл: Excel file format cannot be determined, you must specify an engine manually.
2025-03-15 00:15:31,838 - main - INFO - Общее время выполнения: 0.00 секунд
2025-03-15 00:15:31,838 - main - ERROR - Ошибка при обработке запроса: 500: Ошибка при сравнении файлов: 400: Ошибка при чтении первого файла: Не удалось прочитать Excel-файл: Excel file format cannot be determined, you must specify an engine manually.
2025-03-15 00:34:58,531 - main - INFO - Получен запрос на сравнение файлов: differences_file1.xlsx и differences_file2.xlsx
2025-03-15 00:34:58,533 - main - INFO - Файлы успешно загружены. Размер файла 1: 4.8 КБ, файла 2: 4.8 КБ
2025-03-15 00:34:58,533 - main - INFO - Начинаем сравнение файлов
2025-03-15 00:34:58,651 - main - INFO - Первый файл успешно прочитан. Размер: (8, 1), Колонки: ['0000000009576']
2025-03-15 00:34:58,652 - main - INFO - Пример данных из первого файла:
   0000000009576
0  0000000009585
1  0000000009759
2  0000000009587
3  0000000009582
4  0000000009774
2025-03-15 00:34:58,654 - main - INFO - Второй файл успешно прочитан. Размер: (10, 1)
2025-03-15 00:34:58,654 - main - INFO - Пример данных из второго файла:
                                                   0
0  0104870050006484210000000009587172602281024020234
1  0104870050006484210000000009772172602281024020234
2  0104870050006484210000000009576172602281024020234
3  0104870050006484210000000009582172602281024020234
4  0104870050006484210000000009757172602281024020234
2025-03-15 00:34:58,654 - main - INFO - Найдена колонка с серийными номерами по содержимому: 0000000009576 (8 серий)
2025-03-15 00:34:58,654 - main - INFO - Определены колонки в первом файле: Серия=0000000009576, QR=None
2025-03-15 00:34:58,654 - main - INFO - Найдена колонка QR по содержимому: 0 (10 QR-кодов)
2025-03-15 00:34:58,655 - main - INFO - Колонка с серийными номерами не найдена, используем первую колонку: 0
2025-03-15 00:34:58,655 - main - INFO - Определена колонка QR во втором файле: 0
2025-03-15 00:34:58,655 - main - INFO - Серийных номеров в первом файле: 8 из 8
2025-03-15 00:34:58,655 - main - INFO - Всего QR-кодов во втором файле: 10
2025-03-15 00:34:58,655 - main - INFO - Уникальных QR-кодов во втором файле: 10
2025-03-15 00:34:58,655 - main - INFO - Примеры серийных номеров из первого файла: ['0000000009582', '0000000009757', '0000000009774', '0000000009585', '0000000009772']
2025-03-15 00:34:58,655 - main - INFO - Примеры QR-кодов из второго файла: ['0104870050006484210000000009755172602281024020234', '0104870050006484210000000009759172602281024020234', '0104870050006484210000000009582172602281024020234', '0104870050006484210000000009757172602281024020234', '0104870050006484210000000009772172602281024020234']
2025-03-15 00:34:58,655 - main - INFO - ИТОГОВАЯ СТАТИСТИКА:
Серийных номеров в первом файле: 8
Всего QR-кодов во втором файле: 10
Уникальных QR-кодов во втором файле: 10
Серийных номеров, найденных в QR-кодах: 8
Серийных номеров, не найденных в QR-кодах: 0
QR-кодов, не соответствующих ни одному серийному номеру: 2
2025-03-15 00:34:58,656 - main - INFO - Создан файл с результатами: static/filtered_differences.txt
2025-03-15 00:34:58,656 - main - INFO - Общее время выполнения: 0.12 секунд
2025-03-15 00:45:01,827 - server-runner - INFO - Запуск сервера
2025-03-15 00:45:03,833 - server-runner - INFO - Открытие браузера по адресу: http://localhost:8000
2025-03-15 09:39:43,046 - server-runner - INFO - Запуск сервера
2025-03-15 09:39:45,052 - server-runner - INFO - Открытие браузера по адресу: http://localhost:8000
2025-03-15 09:42:04,837 - main - INFO - Получен запрос на сравнение файлов: Гептрал серии.xlsx и Гептрал QR.xlsx
2025-03-15 09:42:04,838 - main - INFO - Файлы успешно загружены. Размер файла 1: 9.6 КБ, файла 2: 9.5 КБ
2025-03-15 09:42:04,839 - main - INFO - Начинаем сравнение файлов
2025-03-15 09:42:05,073 - main - INFO - Первый файл успешно прочитан. Размер: (42, 1), Колонки: ['Серийный номер']
2025-03-15 09:42:05,075 - main - INFO - Пример данных из первого файла:
   Серийный номер
0  83443129332479
1  90286062664307
2  47620919250347
3  74818608866605
4  87691177405338
2025-03-15 09:42:05,078 - main - INFO - Второй файл успешно прочитан. Размер: (43, 1)
2025-03-15 09:42:05,079 - main - INFO - Пример данных из второго файла:
                                                     0
0  0108002660028150218344312933247917260831101211654\n
1  0108002660028150219028606266430717260831101211654\n
2  0108002660028150214762091925034717260831101211654\n
3  0108002660028150217481860886660517260831101211654\n
4  0108002660028150218769117740533817260831101211654\n
2025-03-15 09:42:05,079 - main - INFO - Найдена колонка с серийными номерами по имени: Серийный номер
2025-03-15 09:42:05,079 - main - INFO - Определены колонки в первом файле: Серия=Серийный номер, QR=None
2025-03-15 09:42:05,079 - main - INFO - Найдена колонка QR по содержимому: 0 (43 QR-кодов)
2025-03-15 09:42:05,079 - main - INFO - Колонка с серийными номерами не найдена, используем первую колонку: 0
2025-03-15 09:42:05,079 - main - INFO - Определена колонка QR во втором файле: 0
2025-03-15 09:42:05,080 - main - INFO - Серийных номеров в первом файле: 42 из 42
2025-03-15 09:42:05,080 - main - INFO - Всего QR-кодов во втором файле: 43
2025-03-15 09:42:05,080 - main - INFO - Уникальных QR-кодов во втором файле: 42
2025-03-15 09:42:05,080 - main - INFO - Примеры серийных номеров из первого файла: ['32036044093867', '22127922115144', '51601127968292', '83443129332479', '89881511802375']
2025-03-15 09:42:05,080 - main - INFO - Примеры QR-кодов из второго файла: ['0108002660028150214762091925034717260831101211654', '0108002660028150218797791992486317260831101211654', '0108002660028150212212792211514417260831101211654', '0108002660028150215303370767849317260831101211654', '0108002660028150213651056872006717260831101211654']
2025-03-15 09:42:05,080 - main - INFO - ИТОГОВАЯ СТАТИСТИКА:
Серийных номеров в первом файле: 42
Всего QR-кодов во втором файле: 43
Уникальных QR-кодов во втором файле: 42
Серийных номеров, найденных в QR-кодах: 41
Серийных номеров, не найденных в QR-кодах: 1
QR-кодов, не соответствующих ни одному серийному номеру: 1
2025-03-15 09:42:05,080 - main - INFO - Создан файл с результатами: static/filtered_differences.txt
2025-03-15 09:42:05,080 - main - INFO - Общее время выполнения: 0.24 секунд
2025-03-15 10:45:05,537 - server-runner - INFO - Запуск сервера
2025-03-15 10:45:07,543 - server-runner - INFO - Открытие браузера по адресу: http://localhost:8000
2025-03-15 12:12:09,138 - server-runner - INFO - Запуск сервера
2025-03-15 12:12:11,143 - server-runner - INFO - Открытие браузера по адресу: http://localhost:8000
2025-03-15 12:14:02,563 - main - INFO - Получен запрос на сравнение файлов: Гептрал серии.xlsx и Гептрал QR.xlsx
2025-03-15 12:14:02,565 - main - INFO - Файлы успешно загружены. Размер файла 1: 9.6 КБ, файла 2: 9.5 КБ
2025-03-15 12:14:02,566 - main - INFO - Начинаем сравнение файлов
2025-03-15 12:14:02,679 - main - INFO - Первый файл успешно прочитан. Размер: (42, 1), Колонки: ['Серийный номер']
2025-03-15 12:14:02,681 - main - INFO - Пример данных из первого файла:
   Серийный номер
0  83443129332479
1  90286062664307
2  47620919250347
3  74818608866605
4  87691177405338
2025-03-15 12:14:02,683 - main - INFO - Второй файл успешно прочитан. Размер: (43, 1)
2025-03-15 12:14:02,684 - main - INFO - Пример данных из второго файла:
                                                     0
0  0108002660028150218344312933247917260831101211654\n
1  0108002660028150219028606266430717260831101211654\n
2  0108002660028150214762091925034717260831101211654\n
3  0108002660028150217481860886660517260831101211654\n
4  0108002660028150218769117740533817260831101211654\n
2025-03-15 12:14:02,684 - main - INFO - Найдена колонка с серийными номерами по имени: Серийный номер
2025-03-15 12:14:02,684 - main - INFO - Определены колонки в первом файле: Серия=Серийный номер, QR=None
2025-03-15 12:14:02,684 - main - INFO - Найдена колонка QR по содержимому: 0 (43 QR-кодов)
2025-03-15 12:14:02,684 - main - INFO - Колонка с серийными номерами не найдена, используем первую колонку: 0
2025-03-15 12:14:02,684 - main - INFO - Определена колонка QR во втором файле: 0
2025-03-15 12:14:02,685 - main - INFO - Серийных номеров в первом файле: 42 из 42
2025-03-15 12:14:02,685 - main - INFO - Всего QR-кодов во втором файле: 43
2025-03-15 12:14:02,685 - main - INFO - Уникальных QR-кодов во втором файле: 42
2025-03-15 12:14:02,685 - main - INFO - Примеры серийных номеров из первого файла: ['74672158271065', '20853711789145', '89881511802375', '83443129332479', '75865909672601']
2025-03-15 12:14:02,685 - main - INFO - Примеры QR-кодов из второго файла: ['0108002660028150219610253314177717260831101211654', '0108002660028150219925433291739317260831101211654', '0108002660028150217151068633930517260831101211654', '0108002660028150218797791992486317260831101211654', '0108002660028150217467215827106517260831101211654']
2025-03-15 12:14:02,686 - main - INFO - ИТОГОВАЯ СТАТИСТИКА:
Серийных номеров в первом файле: 42
Всего QR-кодов во втором файле: 43
Уникальных QR-кодов во втором файле: 42
Серийных номеров, найденных в QR-кодах: 41
Серийных номеров, не найденных в QR-кодах: 1
QR-кодов, не соответствующих ни одному серийному номеру: 1
2025-03-15 12:14:02,686 - main - INFO - Создан файл с результатами: static/comparison_20250315_121402_f6789bd9.txt
2025-03-15 12:14:02,686 - main - INFO - Общее время выполнения: 0.12 секунд
2025-03-15 12:14:02,688 - main - INFO - Получен запрос на сравнение файлов: вестинорм.xlsx и Вестинорм факт.xlsx
2025-03-15 12:14:02,688 - main - INFO - Файлы успешно загружены. Размер файла 1: 9.2 КБ, файла 2: 9.1 КБ
2025-03-15 12:14:02,688 - main - INFO - Начинаем сравнение файлов
2025-03-15 12:14:02,690 - main - INFO - Первый файл успешно прочитан. Размер: (18, 1), Колонки: ['Серийный номер']
2025-03-15 12:14:02,691 - main - INFO - Пример данных из первого файла:
   Серийный номер
0  SFA4LZDYS94W4R
1  SDN6RMNR0LKGK0
2  MFGPMV54YETVJV
3  MD8H7JWTGNPNY7
4  P7D2246LCYGRC1
2025-03-15 12:14:02,692 - main - INFO - Второй файл успешно прочитан. Размер: (15, 1)
2025-03-15 12:14:02,693 - main - INFO - Пример данных из второго файла:
                                                    0
0  0104823002253191172710311014102421SFA4LZDYS94W4R\n
1  0104823002253191172710311014102421SDN6RMNR0LKGK0\n
2   010482300225319121MFGPMV54YETVJV172706301080624\n
3   010482300225319121MD8H7JWTGNPNY7172706301080624\n
4   010482300225319121P7D2246LCYGRC1172706301080624\n
2025-03-15 12:14:02,693 - main - INFO - Найдена колонка с серийными номерами по имени: Серийный номер
2025-03-15 12:14:02,693 - main - INFO - Определены колонки в первом файле: Серия=Серийный номер, QR=None
2025-03-15 12:14:02,693 - main - INFO - Найдена колонка QR по содержимому: 0 (15 QR-кодов)
2025-03-15 12:14:02,693 - main - INFO - Колонка с серийными номерами не найдена, используем первую колонку: 0
2025-03-15 12:14:02,696 - main - INFO - Определена колонка QR во втором файле: 0
2025-03-15 12:14:02,696 - main - INFO - Серийных номеров в первом файле: 18 из 18
2025-03-15 12:14:02,696 - main - INFO - Всего QR-кодов во втором файле: 15
2025-03-15 12:14:02,696 - main - INFO - Уникальных QR-кодов во втором файле: 15
2025-03-15 12:14:02,696 - main - INFO - Примеры серийных номеров из первого файла: ['P7D2246LCYGRC1', 'SDN6RMNR0LKGK0', 'S57HFXEHFMUR30', 'S5Z9H7URM815SC', 'PAJ55J5JX8EART']
2025-03-15 12:14:02,696 - main - INFO - Примеры QR-кодов из второго файла: ['010482300225319121MAYW4H7AW8AX6Y172706301080624', '0104823002253191172710311014102421S5DFJ19A8HMFXJ', '0104823002253191172710311014102421S57HFXEHFMUR30', '0104823002253191172710311014102421SDN6RMNR0LKGK0', '0104823002253191172710311014102421SFA4LZDYS94W4R']
2025-03-15 12:14:02,702 - main - INFO - ИТОГОВАЯ СТАТИСТИКА:
Серийных номеров в первом файле: 18
Всего QR-кодов во втором файле: 15
Уникальных QR-кодов во втором файле: 15
Серийных номеров, найденных в QR-кодах: 15
Серийных номеров, не найденных в QR-кодах: 3
QR-кодов, не соответствующих ни одному серийному номеру: 0
2025-03-15 12:14:02,702 - main - INFO - Создан файл с результатами: static/comparison_20250315_121402_40feefa9.txt
2025-03-15 12:14:02,702 - main - INFO - Общее время выполнения: 0.01 секунд
2025-03-15 12:15:21,207 - main - INFO - Получен запрос на сравнение файлов: дазел1.xlsx и дазел1 — копия.xlsx
2025-03-15 12:15:21,207 - main - INFO - Файлы успешно загружены. Размер файла 1: 9.7 КБ, файла 2: 9.0 КБ
2025-03-15 12:15:21,207 - main - INFO - Начинаем сравнение файлов
2025-03-15 12:15:21,212 - main - INFO - Первый файл успешно прочитан. Размер: (28, 2), Колонки: ['Серийный номер', 'QR-код']
2025-03-15 12:15:21,212 - main - INFO - Пример данных из первого файла:
   Серийный номер                                               QR-код
0  PDT7X2H7LCZWIW  010890111187221521PDT7X2H7LCZWIW1726123110PA08254\n
1  PDTOV8NHGUTKFG  010890111187221521PDTOV8NHGUTKFG1726123110PA08254\n
2  PDT7FKJ0EXJVR7  010890111187221521PDT7FKJ0EXJVR71726123110PA08254\n
3  PDTLE8WUK9NF5J  010890111187221521PDTLE8WUK9NF5J1726123110PA08254\n
4  PDT03FU0GA1CKV  010890111187221521PDT03FU0GA1CKV1726123110PA08254\n
2025-03-15 12:15:21,216 - main - INFO - Второй файл успешно прочитан. Размер: (20, 1)
2025-03-15 12:15:21,216 - main - INFO - Пример данных из второго файла:
                                                0
0  0104601026303838210000000001284172604011070524
1  0104601026303838210000000001279172604011070524
2  0104601026303838210000000001295172604011070524
3  0104601026303838210000000001288172604011070524
4  0104601026303838210000000001285172604011070524
2025-03-15 12:15:21,216 - main - INFO - Найдена колонка с серийными номерами по имени: Серийный номер
2025-03-15 12:15:21,216 - main - INFO - Найдена колонка QR по имени: QR-код
2025-03-15 12:15:21,216 - main - INFO - Определены колонки в первом файле: Серия=Серийный номер, QR=QR-код
2025-03-15 12:15:21,216 - main - INFO - Найдена колонка QR по содержимому: 0 (20 QR-кодов)
2025-03-15 12:15:21,216 - main - INFO - Колонка с серийными номерами не найдена, используем первую колонку: 0
2025-03-15 12:15:21,216 - main - INFO - Определена колонка QR во втором файле: 0
2025-03-15 12:15:21,217 - main - INFO - Серийных номеров в первом файле: 28 из 28
2025-03-15 12:15:21,217 - main - INFO - Всего QR-кодов во втором файле: 20
2025-03-15 12:15:21,217 - main - INFO - Уникальных QR-кодов во втором файле: 20
2025-03-15 12:15:21,217 - main - INFO - Примеры серийных номеров из первого файла: ['PDTETUQ7R8UJ54', 'PDT3QH7I0JKBWH', 'PDTRBDV8IWWWS9', 'PDTDMZ3H337PVC', 'PDTA1AAL4SMOLX']
2025-03-15 12:15:21,217 - main - INFO - Примеры QR-кодов из второго файла: ['0104601026303838210000000001285172604011070524', '0104601026303838210000000001294172604011070524', '0104601026303838210000000001287172604011070524', '0104601026303838210000000001292172604011070524', '0104601026303838210000000001291172604011070524']
2025-03-15 12:15:21,217 - main - INFO - ИТОГОВАЯ СТАТИСТИКА:
Серийных номеров в первом файле: 28
Всего QR-кодов во втором файле: 20
Уникальных QR-кодов во втором файле: 20
Серийных номеров, найденных в QR-кодах: 0
Серийных номеров, не найденных в QR-кодах: 28
QR-кодов, не соответствующих ни одному серийному номеру: 20
2025-03-15 12:15:21,218 - main - INFO - Создан файл с результатами: static/comparison_20250315_121521_fe38049f.txt
2025-03-15 12:15:21,218 - main - INFO - Общее время выполнения: 0.01 секунд
2025-03-15 12:15:21,218 - main - INFO - Получен запрос на сравнение файлов: вестинорм.xlsx и Вестинорм факт.xlsx
2025-03-15 12:15:21,218 - main - INFO - Файлы успешно загружены. Размер файла 1: 9.2 КБ, файла 2: 9.1 КБ
2025-03-15 12:15:21,218 - main - INFO - Начинаем сравнение файлов
2025-03-15 12:15:21,221 - main - INFO - Первый файл успешно прочитан. Размер: (18, 1), Колонки: ['Серийный номер']
2025-03-15 12:15:21,221 - main - INFO - Пример данных из первого файла:
   Серийный номер
0  SFA4LZDYS94W4R
1  SDN6RMNR0LKGK0
2  MFGPMV54YETVJV
3  MD8H7JWTGNPNY7
4  P7D2246LCYGRC1
2025-03-15 12:15:21,223 - main - INFO - Второй файл успешно прочитан. Размер: (15, 1)
2025-03-15 12:15:21,224 - main - INFO - Пример данных из второго файла:
                                                    0
0  0104823002253191172710311014102421SFA4LZDYS94W4R\n
1  0104823002253191172710311014102421SDN6RMNR0LKGK0\n
2   010482300225319121MFGPMV54YETVJV172706301080624\n
3   010482300225319121MD8H7JWTGNPNY7172706301080624\n
4   010482300225319121P7D2246LCYGRC1172706301080624\n
2025-03-15 12:15:21,224 - main - INFO - Найдена колонка с серийными номерами по имени: Серийный номер
2025-03-15 12:15:21,224 - main - INFO - Определены колонки в первом файле: Серия=Серийный номер, QR=None
2025-03-15 12:15:21,224 - main - INFO - Найдена колонка QR по содержимому: 0 (15 QR-кодов)
2025-03-15 12:15:21,224 - main - INFO - Колонка с серийными номерами не найдена, используем первую колонку: 0
2025-03-15 12:15:21,224 - main - INFO - Определена колонка QR во втором файле: 0
2025-03-15 12:15:21,225 - main - INFO - Серийных номеров в первом файле: 18 из 18
2025-03-15 12:15:21,225 - main - INFO - Всего QR-кодов во втором файле: 15
2025-03-15 12:15:21,225 - main - INFO - Уникальных QR-кодов во втором файле: 15
2025-03-15 12:15:21,225 - main - INFO - Примеры серийных номеров из первого файла: ['P7D2246LCYGRC1', 'SDN6RMNR0LKGK0', 'S57HFXEHFMUR30', 'S5Z9H7URM815SC', 'PAJ55J5JX8EART']
2025-03-15 12:15:21,225 - main - INFO - Примеры QR-кодов из второго файла: ['010482300225319121MAYW4H7AW8AX6Y172706301080624', '0104823002253191172710311014102421S5DFJ19A8HMFXJ', '0104823002253191172710311014102421S57HFXEHFMUR30', '0104823002253191172710311014102421SDN6RMNR0LKGK0', '0104823002253191172710311014102421SFA4LZDYS94W4R']
2025-03-15 12:15:21,225 - main - INFO - ИТОГОВАЯ СТАТИСТИКА:
Серийных номеров в первом файле: 18
Всего QR-кодов во втором файле: 15
Уникальных QR-кодов во втором файле: 15
Серийных номеров, найденных в QR-кодах: 15
Серийных номеров, не найденных в QR-кодах: 3
QR-кодов, не соответствующих ни одному серийному номеру: 0
2025-03-15 12:15:21,225 - main - INFO - Создан файл с результатами: static/comparison_20250315_121521_d7602e1c.txt
2025-03-15 12:15:21,225 - main - INFO - Общее время выполнения: 0.01 секунд
2025-03-15 12:16:45,229 - main - INFO - Получен запрос на сравнение файлов: Приход (2).xlsx и Факти-ое (2).xlsx
2025-03-15 12:16:45,230 - main - INFO - Файлы успешно загружены. Размер файла 1: 8.9 КБ, файла 2: 8.9 КБ
2025-03-15 12:16:45,230 - main - INFO - Начинаем сравнение файлов
2025-03-15 12:16:45,257 - main - INFO - Первый файл успешно прочитан. Размер: (9, 1), Колонки: ['Серийный номер']
2025-03-15 12:16:45,259 - main - INFO - Пример данных из первого файла:
  Серийный номер
0  0000000009755
1  0000000009585
2  0000000009757
3  0000000009759
4  0000000009576
2025-03-15 12:16:45,265 - main - INFO - Второй файл успешно прочитан. Размер: (10, 1)
2025-03-15 12:16:45,266 - main - INFO - Пример данных из второго файла:
                                                   0
0  0104870050006484210000000009774172602281024020234
1  0104870050006484210000000009587172602281024020234
2  0104870050006484210000000009755172602281024020234
3  0104870050006484210000000009582172602281024020234
4  0104870050006484210000000009772172602281024020234
2025-03-15 12:16:45,266 - main - INFO - Найдена колонка с серийными номерами по имени: Серийный номер
2025-03-15 12:16:45,266 - main - INFO - Определены колонки в первом файле: Серия=Серийный номер, QR=None
2025-03-15 12:16:45,267 - main - INFO - Найдена колонка QR по содержимому: 0 (10 QR-кодов)
2025-03-15 12:16:45,267 - main - INFO - Колонка с серийными номерами не найдена, используем первую колонку: 0
2025-03-15 12:16:45,267 - main - INFO - Определена колонка QR во втором файле: 0
2025-03-15 12:16:45,268 - main - INFO - Серийных номеров в первом файле: 9 из 9
2025-03-15 12:16:45,268 - main - INFO - Всего QR-кодов во втором файле: 10
2025-03-15 12:16:45,268 - main - INFO - Уникальных QR-кодов во втором файле: 10
2025-03-15 12:16:45,268 - main - INFO - Примеры серийных номеров из первого файла: ['0000000009759', '0000000009774', '0000000009585', '0000000009757', '0000000009582']
2025-03-15 12:16:45,268 - main - INFO - Примеры QR-кодов из второго файла: ['0104870050006484210000000009576172602281024020234', '0104870050006484210000000009755172602281024020234', '0104870050006484210000000009772172602281024020234', '0104870050006484210000000009774172602281024020234', '0104870050006484210000000009757172602281024020234']
2025-03-15 12:16:45,268 - main - INFO - ИТОГОВАЯ СТАТИСТИКА:
Серийных номеров в первом файле: 9
Всего QR-кодов во втором файле: 10
Уникальных QR-кодов во втором файле: 10
Серийных номеров, найденных в QR-кодах: 9
Серийных номеров, не найденных в QR-кодах: 0
QR-кодов, не соответствующих ни одному серийному номеру: 1
2025-03-15 12:16:45,269 - main - INFO - Создан файл с результатами: static/comparison_20250315_121645_7ecc6919.txt
2025-03-15 12:16:45,269 - main - INFO - Общее время выполнения: 0.04 секунд
2025-03-15 12:17:35,048 - main - INFO - Получен запрос на сравнение файлов: Гептрал серии.xlsx и Гептрал QR.xlsx
2025-03-15 12:17:35,050 - main - INFO - Файлы успешно загружены. Размер файла 1: 9.6 КБ, файла 2: 9.5 КБ
2025-03-15 12:17:35,051 - main - INFO - Начинаем сравнение файлов
2025-03-15 12:17:35,062 - main - INFO - Первый файл успешно прочитан. Размер: (42, 1), Колонки: ['Серийный номер']
2025-03-15 12:17:35,063 - main - INFO - Пример данных из первого файла:
   Серийный номер
0  83443129332479
1  90286062664307
2  47620919250347
3  74818608866605
4  87691177405338
2025-03-15 12:17:35,070 - main - INFO - Второй файл успешно прочитан. Размер: (43, 1)
2025-03-15 12:17:35,071 - main - INFO - Пример данных из второго файла:
                                                     0
0  0108002660028150218344312933247917260831101211654\n
1  0108002660028150219028606266430717260831101211654\n
2  0108002660028150214762091925034717260831101211654\n
3  0108002660028150217481860886660517260831101211654\n
4  0108002660028150218769117740533817260831101211654\n
2025-03-15 12:17:35,071 - main - INFO - Найдена колонка с серийными номерами по имени: Серийный номер
2025-03-15 12:17:35,071 - main - INFO - Определены колонки в первом файле: Серия=Серийный номер, QR=None
2025-03-15 12:17:35,071 - main - INFO - Найдена колонка QR по содержимому: 0 (43 QR-кодов)
2025-03-15 12:17:35,071 - main - INFO - Колонка с серийными номерами не найдена, используем первую колонку: 0
2025-03-15 12:17:35,071 - main - INFO - Определена колонка QR во втором файле: 0
2025-03-15 12:17:35,073 - main - INFO - Серийных номеров в первом файле: 42 из 42
2025-03-15 12:17:35,073 - main - INFO - Всего QR-кодов во втором файле: 43
2025-03-15 12:17:35,073 - main - INFO - Уникальных QR-кодов во втором файле: 42
2025-03-15 12:17:35,073 - main - INFO - Примеры серийных номеров из первого файла: ['74672158271065', '20853711789145', '89881511802375', '83443129332479', '75865909672601']
2025-03-15 12:17:35,073 - main - INFO - Примеры QR-кодов из второго файла: ['0108002660028150219610253314177717260831101211654', '0108002660028150219925433291739317260831101211654', '0108002660028150217151068633930517260831101211654', '0108002660028150218797791992486317260831101211654', '0108002660028150217467215827106517260831101211654']
2025-03-15 12:17:35,073 - main - INFO - ИТОГОВАЯ СТАТИСТИКА:
Серийных номеров в первом файле: 42
Всего QR-кодов во втором файле: 43
Уникальных QR-кодов во втором файле: 42
Серийных номеров, найденных в QR-кодах: 41
Серийных номеров, не найденных в QR-кодах: 1
QR-кодов, не соответствующих ни одному серийному номеру: 1
2025-03-15 12:17:35,074 - main - INFO - Создан файл с результатами: static/comparison_20250315_121735_55a1685a.txt
2025-03-15 12:17:35,074 - main - INFO - Общее время выполнения: 0.02 секунд
